The system is: Linux - 4.4.0-133-generic - x86_64
Compiling the CXX compiler identification source file "CMakeCXXCompilerId.cpp" succeeded.
Compiler: /usr/bin/c++ 
Build flags: -DNDEBUG;-O3;-ffast-math
Id flags: 

The output was:
0


Compilation of the CXX compiler identification source "CMakeCXXCompilerId.cpp" produced "a.out"

The CXX compiler identification is GNU, found in "/home/munna/dune/dune-2.6.0/dune-fem1d/build-cmake/CMakeFiles/3.5.1/CompilerIdCXX/a.out"

Determining if the CXX compiler works passed with the following output:
Change Dir: /home/munna/dune/dune-2.6.0/dune-fem1d/build-cmake/CMakeFiles/CMakeTmp

Run Build Command:"/usr/bin/make" "cmTC_213e9/fast"
/usr/bin/make -f CMakeFiles/cmTC_213e9.dir/build.make CMakeFiles/cmTC_213e9.dir/build
make[1]: Entering directory '/home/munna/dune/dune-2.6.0/dune-fem1d/build-cmake/CMakeFiles/CMakeTmp'
Building CXX object CMakeFiles/cmTC_213e9.dir/testCXXCompiler.cxx.o
/usr/bin/c++     -DNDEBUG -O3 -ffast-math    -o CMakeFiles/cmTC_213e9.dir/testCXXCompiler.cxx.o -c /home/munna/dune/dune-2.6.0/dune-fem1d/build-cmake/CMakeFiles/CMakeTmp/testCXXCompiler.cxx
Linking CXX executable cmTC_213e9
/usr/bin/cmake -E cmake_link_script CMakeFiles/cmTC_213e9.dir/link.txt --verbose=1
/usr/bin/c++   -DNDEBUG -O3 -ffast-math     CMakeFiles/cmTC_213e9.dir/testCXXCompiler.cxx.o  -o cmTC_213e9 -rdynamic 
make[1]: Leaving directory '/home/munna/dune/dune-2.6.0/dune-fem1d/build-cmake/CMakeFiles/CMakeTmp'


Detecting CXX compiler ABI info compiled with the following output:
Change Dir: /home/munna/dune/dune-2.6.0/dune-fem1d/build-cmake/CMakeFiles/CMakeTmp

Run Build Command:"/usr/bin/make" "cmTC_73ef0/fast"
/usr/bin/make -f CMakeFiles/cmTC_73ef0.dir/build.make CMakeFiles/cmTC_73ef0.dir/build
make[1]: Entering directory '/home/munna/dune/dune-2.6.0/dune-fem1d/build-cmake/CMakeFiles/CMakeTmp'
Building CXX object CMakeFiles/cmTC_73ef0.dir/CMakeCXXCompilerABI.cpp.o
/usr/bin/c++     -DNDEBUG -O3 -ffast-math    -o CMakeFiles/cmTC_73ef0.dir/CMakeCXXCompilerABI.cpp.o -c /usr/share/cmake-3.5/Modules/CMakeCXXCompilerABI.cpp
Linking CXX executable cmTC_73ef0
/usr/bin/cmake -E cmake_link_script CMakeFiles/cmTC_73ef0.dir/link.txt --verbose=1
/usr/bin/c++   -DNDEBUG -O3 -ffast-math    -v CMakeFiles/cmTC_73ef0.dir/CMakeCXXCompilerABI.cpp.o  -o cmTC_73ef0 -rdynamic  
Using built-in specs.
COLLECT_GCC=/usr/bin/c++
COLLECT_LTO_WRAPPER=/usr/lib/gcc/x86_64-linux-gnu/5/lto-wrapper
Target: x86_64-linux-gnu
Configured with: ../src/configure -v --with-pkgversion='Ubuntu 5.4.0-6ubuntu1~16.04.10' --with-bugurl=file:///usr/share/doc/gcc-5/README.Bugs --enable-languages=c,ada,c++,java,go,d,fortran,objc,obj-c++ --prefix=/usr --program-suffix=-5 --enable-shared --enable-linker-build-id --libexecdir=/usr/lib --without-included-gettext --enable-threads=posix --libdir=/usr/lib --enable-nls --with-sysroot=/ --enable-clocale=gnu --enable-libstdcxx-debug --enable-libstdcxx-time=yes --with-default-libstdcxx-abi=new --enable-gnu-unique-object --disable-vtable-verify --enable-libmpx --enable-plugin --with-system-zlib --disable-browser-plugin --enable-java-awt=gtk --enable-gtk-cairo --with-java-home=/usr/lib/jvm/java-1.5.0-gcj-5-amd64/jre --enable-java-home --with-jvm-root-dir=/usr/lib/jvm/java-1.5.0-gcj-5-amd64 --with-jvm-jar-dir=/usr/lib/jvm-exports/java-1.5.0-gcj-5-amd64 --with-arch-directory=amd64 --with-ecj-jar=/usr/share/java/eclipse-ecj.jar --enable-objc-gc --enable-multiarch --disable-werror --with-arch-32=i686 --with-abi=m64 --with-multilib-list=m32,m64,mx32 --enable-multilib --with-tune=generic --enable-checking=release --build=x86_64-linux-gnu --host=x86_64-linux-gnu --target=x86_64-linux-gnu
Thread model: posix
gcc version 5.4.0 20160609 (Ubuntu 5.4.0-6ubuntu1~16.04.10) 
COMPILER_PATH=/usr/lib/gcc/x86_64-linux-gnu/5/:/usr/lib/gcc/x86_64-linux-gnu/5/:/usr/lib/gcc/x86_64-linux-gnu/:/usr/lib/gcc/x86_64-linux-gnu/5/:/usr/lib/gcc/x86_64-linux-gnu/
LIBRARY_PATH=/usr/lib/gcc/x86_64-linux-gnu/5/:/usr/lib/gcc/x86_64-linux-gnu/5/../../../x86_64-linux-gnu/:/usr/lib/gcc/x86_64-linux-gnu/5/../../../../lib/:/lib/x86_64-linux-gnu/:/lib/../lib/:/usr/lib/x86_64-linux-gnu/:/usr/lib/../lib/:/usr/lib/gcc/x86_64-linux-gnu/5/../../../:/lib/:/usr/lib/
COLLECT_GCC_OPTIONS='-D' 'NDEBUG' '-O3' '-ffast-math' '-v' '-o' 'cmTC_73ef0' '-rdynamic' '-shared-libgcc' '-mtune=generic' '-march=x86-64'
 /usr/lib/gcc/x86_64-linux-gnu/5/collect2 -plugin /usr/lib/gcc/x86_64-linux-gnu/5/liblto_plugin.so -plugin-opt=/usr/lib/gcc/x86_64-linux-gnu/5/lto-wrapper -plugin-opt=-fresolution=/tmp/ccsfaAhI.res -plugin-opt=-pass-through=-lgcc_s -plugin-opt=-pass-through=-lgcc -plugin-opt=-pass-through=-lc -plugin-opt=-pass-through=-lgcc_s -plugin-opt=-pass-through=-lgcc --sysroot=/ --build-id --eh-frame-hdr -m elf_x86_64 --hash-style=gnu --as-needed -export-dynamic -dynamic-linker /lib64/ld-linux-x86-64.so.2 -z relro -o cmTC_73ef0 /usr/lib/gcc/x86_64-linux-gnu/5/../../../x86_64-linux-gnu/crt1.o /usr/lib/gcc/x86_64-linux-gnu/5/../../../x86_64-linux-gnu/crti.o /usr/lib/gcc/x86_64-linux-gnu/5/crtbegin.o -L/usr/lib/gcc/x86_64-linux-gnu/5 -L/usr/lib/gcc/x86_64-linux-gnu/5/../../../x86_64-linux-gnu -L/usr/lib/gcc/x86_64-linux-gnu/5/../../../../lib -L/lib/x86_64-linux-gnu -L/lib/../lib -L/usr/lib/x86_64-linux-gnu -L/usr/lib/../lib -L/usr/lib/gcc/x86_64-linux-gnu/5/../../.. CMakeFiles/cmTC_73ef0.dir/CMakeCXXCompilerABI.cpp.o -lstdc++ -lm -lgcc_s -lgcc -lc -lgcc_s -lgcc /usr/lib/gcc/x86_64-linux-gnu/5/crtfastmath.o /usr/lib/gcc/x86_64-linux-gnu/5/crtend.o /usr/lib/gcc/x86_64-linux-gnu/5/../../../x86_64-linux-gnu/crtn.o
make[1]: Leaving directory '/home/munna/dune/dune-2.6.0/dune-fem1d/build-cmake/CMakeFiles/CMakeTmp'


Parsed CXX implicit link information from above output:
  link line regex: [^( *|.*[/\])(ld|([^/\]+-)?ld|collect2)[^/\]*( |$)]
  ignore line: [Change Dir: /home/munna/dune/dune-2.6.0/dune-fem1d/build-cmake/CMakeFiles/CMakeTmp]
  ignore line: []
  ignore line: [Run Build Command:"/usr/bin/make" "cmTC_73ef0/fast"]
  ignore line: [/usr/bin/make -f CMakeFiles/cmTC_73ef0.dir/build.make CMakeFiles/cmTC_73ef0.dir/build]
  ignore line: [make[1]: Entering directory '/home/munna/dune/dune-2.6.0/dune-fem1d/build-cmake/CMakeFiles/CMakeTmp']
  ignore line: [Building CXX object CMakeFiles/cmTC_73ef0.dir/CMakeCXXCompilerABI.cpp.o]
  ignore line: [/usr/bin/c++     -DNDEBUG -O3 -ffast-math    -o CMakeFiles/cmTC_73ef0.dir/CMakeCXXCompilerABI.cpp.o -c /usr/share/cmake-3.5/Modules/CMakeCXXCompilerABI.cpp]
  ignore line: [Linking CXX executable cmTC_73ef0]
  ignore line: [/usr/bin/cmake -E cmake_link_script CMakeFiles/cmTC_73ef0.dir/link.txt --verbose=1]
  ignore line: [/usr/bin/c++   -DNDEBUG -O3 -ffast-math    -v CMakeFiles/cmTC_73ef0.dir/CMakeCXXCompilerABI.cpp.o  -o cmTC_73ef0 -rdynamic  ]
  ignore line: [Using built-in specs.]
  ignore line: [COLLECT_GCC=/usr/bin/c++]
  ignore line: [COLLECT_LTO_WRAPPER=/usr/lib/gcc/x86_64-linux-gnu/5/lto-wrapper]
  ignore line: [Target: x86_64-linux-gnu]
  ignore line: [Configured with: ../src/configure -v --with-pkgversion='Ubuntu 5.4.0-6ubuntu1~16.04.10' --with-bugurl=file:///usr/share/doc/gcc-5/README.Bugs --enable-languages=c,ada,c++,java,go,d,fortran,objc,obj-c++ --prefix=/usr --program-suffix=-5 --enable-shared --enable-linker-build-id --libexecdir=/usr/lib --without-included-gettext --enable-threads=posix --libdir=/usr/lib --enable-nls --with-sysroot=/ --enable-clocale=gnu --enable-libstdcxx-debug --enable-libstdcxx-time=yes --with-default-libstdcxx-abi=new --enable-gnu-unique-object --disable-vtable-verify --enable-libmpx --enable-plugin --with-system-zlib --disable-browser-plugin --enable-java-awt=gtk --enable-gtk-cairo --with-java-home=/usr/lib/jvm/java-1.5.0-gcj-5-amd64/jre --enable-java-home --with-jvm-root-dir=/usr/lib/jvm/java-1.5.0-gcj-5-amd64 --with-jvm-jar-dir=/usr/lib/jvm-exports/java-1.5.0-gcj-5-amd64 --with-arch-directory=amd64 --with-ecj-jar=/usr/share/java/eclipse-ecj.jar --enable-objc-gc --enable-multiarch --disable-werror --with-arch-32=i686 --with-abi=m64 --with-multilib-list=m32,m64,mx32 --enable-multilib --with-tune=generic --enable-checking=release --build=x86_64-linux-gnu --host=x86_64-linux-gnu --target=x86_64-linux-gnu]
  ignore line: [Thread model: posix]
  ignore line: [gcc version 5.4.0 20160609 (Ubuntu 5.4.0-6ubuntu1~16.04.10) ]
  ignore line: [COMPILER_PATH=/usr/lib/gcc/x86_64-linux-gnu/5/:/usr/lib/gcc/x86_64-linux-gnu/5/:/usr/lib/gcc/x86_64-linux-gnu/:/usr/lib/gcc/x86_64-linux-gnu/5/:/usr/lib/gcc/x86_64-linux-gnu/]
  ignore line: [LIBRARY_PATH=/usr/lib/gcc/x86_64-linux-gnu/5/:/usr/lib/gcc/x86_64-linux-gnu/5/../../../x86_64-linux-gnu/:/usr/lib/gcc/x86_64-linux-gnu/5/../../../../lib/:/lib/x86_64-linux-gnu/:/lib/../lib/:/usr/lib/x86_64-linux-gnu/:/usr/lib/../lib/:/usr/lib/gcc/x86_64-linux-gnu/5/../../../:/lib/:/usr/lib/]
  ignore line: [COLLECT_GCC_OPTIONS='-D' 'NDEBUG' '-O3' '-ffast-math' '-v' '-o' 'cmTC_73ef0' '-rdynamic' '-shared-libgcc' '-mtune=generic' '-march=x86-64']
  link line: [ /usr/lib/gcc/x86_64-linux-gnu/5/collect2 -plugin /usr/lib/gcc/x86_64-linux-gnu/5/liblto_plugin.so -plugin-opt=/usr/lib/gcc/x86_64-linux-gnu/5/lto-wrapper -plugin-opt=-fresolution=/tmp/ccsfaAhI.res -plugin-opt=-pass-through=-lgcc_s -plugin-opt=-pass-through=-lgcc -plugin-opt=-pass-through=-lc -plugin-opt=-pass-through=-lgcc_s -plugin-opt=-pass-through=-lgcc --sysroot=/ --build-id --eh-frame-hdr -m elf_x86_64 --hash-style=gnu --as-needed -export-dynamic -dynamic-linker /lib64/ld-linux-x86-64.so.2 -z relro -o cmTC_73ef0 /usr/lib/gcc/x86_64-linux-gnu/5/../../../x86_64-linux-gnu/crt1.o /usr/lib/gcc/x86_64-linux-gnu/5/../../../x86_64-linux-gnu/crti.o /usr/lib/gcc/x86_64-linux-gnu/5/crtbegin.o -L/usr/lib/gcc/x86_64-linux-gnu/5 -L/usr/lib/gcc/x86_64-linux-gnu/5/../../../x86_64-linux-gnu -L/usr/lib/gcc/x86_64-linux-gnu/5/../../../../lib -L/lib/x86_64-linux-gnu -L/lib/../lib -L/usr/lib/x86_64-linux-gnu -L/usr/lib/../lib -L/usr/lib/gcc/x86_64-linux-gnu/5/../../.. CMakeFiles/cmTC_73ef0.dir/CMakeCXXCompilerABI.cpp.o -lstdc++ -lm -lgcc_s -lgcc -lc -lgcc_s -lgcc /usr/lib/gcc/x86_64-linux-gnu/5/crtfastmath.o /usr/lib/gcc/x86_64-linux-gnu/5/crtend.o /usr/lib/gcc/x86_64-linux-gnu/5/../../../x86_64-linux-gnu/crtn.o]
    arg [/usr/lib/gcc/x86_64-linux-gnu/5/collect2] ==> ignore
    arg [-plugin] ==> ignore
    arg [/usr/lib/gcc/x86_64-linux-gnu/5/liblto_plugin.so] ==> ignore
    arg [-plugin-opt=/usr/lib/gcc/x86_64-linux-gnu/5/lto-wrapper] ==> ignore
    arg [-plugin-opt=-fresolution=/tmp/ccsfaAhI.res] ==> ignore
    arg [-plugin-opt=-pass-through=-lgcc_s] ==> ignore
    arg [-plugin-opt=-pass-through=-lgcc] ==> ignore
    arg [-plugin-opt=-pass-through=-lc] ==> ignore
    arg [-plugin-opt=-pass-through=-lgcc_s] ==> ignore
    arg [-plugin-opt=-pass-through=-lgcc] ==> ignore
    arg [--sysroot=/] ==> ignore
    arg [--build-id] ==> ignore
    arg [--eh-frame-hdr] ==> ignore
    arg [-m] ==> ignore
    arg [elf_x86_64] ==> ignore
    arg [--hash-style=gnu] ==> ignore
    arg [--as-needed] ==> ignore
    arg [-export-dynamic] ==> ignore
    arg [-dynamic-linker] ==> ignore
    arg [/lib64/ld-linux-x86-64.so.2] ==> ignore
    arg [-zrelro] ==> ignore
    arg [-o] ==> ignore
    arg [cmTC_73ef0] ==> ignore
    arg [/usr/lib/gcc/x86_64-linux-gnu/5/../../../x86_64-linux-gnu/crt1.o] ==> ignore
    arg [/usr/lib/gcc/x86_64-linux-gnu/5/../../../x86_64-linux-gnu/crti.o] ==> ignore
    arg [/usr/lib/gcc/x86_64-linux-gnu/5/crtbegin.o] ==> ignore
    arg [-L/usr/lib/gcc/x86_64-linux-gnu/5] ==> dir [/usr/lib/gcc/x86_64-linux-gnu/5]
    arg [-L/usr/lib/gcc/x86_64-linux-gnu/5/../../../x86_64-linux-gnu] ==> dir [/usr/lib/gcc/x86_64-linux-gnu/5/../../../x86_64-linux-gnu]
    arg [-L/usr/lib/gcc/x86_64-linux-gnu/5/../../../../lib] ==> dir [/usr/lib/gcc/x86_64-linux-gnu/5/../../../../lib]
    arg [-L/lib/x86_64-linux-gnu] ==> dir [/lib/x86_64-linux-gnu]
    arg [-L/lib/../lib] ==> dir [/lib/../lib]
    arg [-L/usr/lib/x86_64-linux-gnu] ==> dir [/usr/lib/x86_64-linux-gnu]
    arg [-L/usr/lib/../lib] ==> dir [/usr/lib/../lib]
    arg [-L/usr/lib/gcc/x86_64-linux-gnu/5/../../..] ==> dir [/usr/lib/gcc/x86_64-linux-gnu/5/../../..]
    arg [CMakeFiles/cmTC_73ef0.dir/CMakeCXXCompilerABI.cpp.o] ==> ignore
    arg [-lstdc++] ==> lib [stdc++]
    arg [-lm] ==> lib [m]
    arg [-lgcc_s] ==> lib [gcc_s]
    arg [-lgcc] ==> lib [gcc]
    arg [-lc] ==> lib [c]
    arg [-lgcc_s] ==> lib [gcc_s]
    arg [-lgcc] ==> lib [gcc]
    arg [/usr/lib/gcc/x86_64-linux-gnu/5/crtfastmath.o] ==> ignore
    arg [/usr/lib/gcc/x86_64-linux-gnu/5/crtend.o] ==> ignore
    arg [/usr/lib/gcc/x86_64-linux-gnu/5/../../../x86_64-linux-gnu/crtn.o] ==> ignore
  remove lib [gcc_s]
  remove lib [gcc]
  remove lib [gcc_s]
  remove lib [gcc]
  collapse library dir [/usr/lib/gcc/x86_64-linux-gnu/5] ==> [/usr/lib/gcc/x86_64-linux-gnu/5]
  collapse library dir [/usr/lib/gcc/x86_64-linux-gnu/5/../../../x86_64-linux-gnu] ==> [/usr/lib/x86_64-linux-gnu]
  collapse library dir [/usr/lib/gcc/x86_64-linux-gnu/5/../../../../lib] ==> [/usr/lib]
  collapse library dir [/lib/x86_64-linux-gnu] ==> [/lib/x86_64-linux-gnu]
  collapse library dir [/lib/../lib] ==> [/lib]
  collapse library dir [/usr/lib/x86_64-linux-gnu] ==> [/usr/lib/x86_64-linux-gnu]
  collapse library dir [/usr/lib/../lib] ==> [/usr/lib]
  collapse library dir [/usr/lib/gcc/x86_64-linux-gnu/5/../../..] ==> [/usr/lib]
  implicit libs: [stdc++;m;c]
  implicit dirs: [/usr/lib/gcc/x86_64-linux-gnu/5;/usr/lib/x86_64-linux-gnu;/usr/lib;/lib/x86_64-linux-gnu;/lib]
  implicit fwks: []




Detecting CXX [-std=c++14] compiler features compiled with the following output:
Change Dir: /home/munna/dune/dune-2.6.0/dune-fem1d/build-cmake/CMakeFiles/CMakeTmp

Run Build Command:"/usr/bin/make" "cmTC_18182/fast"
/usr/bin/make -f CMakeFiles/cmTC_18182.dir/build.make CMakeFiles/cmTC_18182.dir/build
make[1]: Entering directory '/home/munna/dune/dune-2.6.0/dune-fem1d/build-cmake/CMakeFiles/CMakeTmp'
Building CXX object CMakeFiles/cmTC_18182.dir/feature_tests.cxx.o
/usr/bin/c++     -DNDEBUG -O3 -ffast-math    -std=c++14 -o CMakeFiles/cmTC_18182.dir/feature_tests.cxx.o -c /home/munna/dune/dune-2.6.0/dune-fem1d/build-cmake/CMakeFiles/feature_tests.cxx
Linking CXX executable cmTC_18182
/usr/bin/cmake -E cmake_link_script CMakeFiles/cmTC_18182.dir/link.txt --verbose=1
/usr/bin/c++   -DNDEBUG -O3 -ffast-math     CMakeFiles/cmTC_18182.dir/feature_tests.cxx.o  -o cmTC_18182 -rdynamic 
make[1]: Leaving directory '/home/munna/dune/dune-2.6.0/dune-fem1d/build-cmake/CMakeFiles/CMakeTmp'


    Feature record: CXX_FEATURE:1cxx_aggregate_default_initializers
    Feature record: CXX_FEATURE:1cxx_alias_templates
    Feature record: CXX_FEATURE:1cxx_alignas
    Feature record: CXX_FEATURE:1cxx_alignof
    Feature record: CXX_FEATURE:1cxx_attributes
    Feature record: CXX_FEATURE:1cxx_attribute_deprecated
    Feature record: CXX_FEATURE:1cxx_auto_type
    Feature record: CXX_FEATURE:1cxx_binary_literals
    Feature record: CXX_FEATURE:1cxx_constexpr
    Feature record: CXX_FEATURE:1cxx_contextual_conversions
    Feature record: CXX_FEATURE:1cxx_decltype
    Feature record: CXX_FEATURE:1cxx_decltype_auto
    Feature record: CXX_FEATURE:1cxx_decltype_incomplete_return_types
    Feature record: CXX_FEATURE:1cxx_default_function_template_args
    Feature record: CXX_FEATURE:1cxx_defaulted_functions
    Feature record: CXX_FEATURE:1cxx_defaulted_move_initializers
    Feature record: CXX_FEATURE:1cxx_delegating_constructors
    Feature record: CXX_FEATURE:1cxx_deleted_functions
    Feature record: CXX_FEATURE:1cxx_digit_separators
    Feature record: CXX_FEATURE:1cxx_enum_forward_declarations
    Feature record: CXX_FEATURE:1cxx_explicit_conversions
    Feature record: CXX_FEATURE:1cxx_extended_friend_declarations
    Feature record: CXX_FEATURE:1cxx_extern_templates
    Feature record: CXX_FEATURE:1cxx_final
    Feature record: CXX_FEATURE:1cxx_func_identifier
    Feature record: CXX_FEATURE:1cxx_generalized_initializers
    Feature record: CXX_FEATURE:1cxx_generic_lambdas
    Feature record: CXX_FEATURE:1cxx_inheriting_constructors
    Feature record: CXX_FEATURE:1cxx_inline_namespaces
    Feature record: CXX_FEATURE:1cxx_lambdas
    Feature record: CXX_FEATURE:1cxx_lambda_init_captures
    Feature record: CXX_FEATURE:1cxx_local_type_template_args
    Feature record: CXX_FEATURE:1cxx_long_long_type
    Feature record: CXX_FEATURE:1cxx_noexcept
    Feature record: CXX_FEATURE:1cxx_nonstatic_member_init
    Feature record: CXX_FEATURE:1cxx_nullptr
    Feature record: CXX_FEATURE:1cxx_override
    Feature record: CXX_FEATURE:1cxx_range_for
    Feature record: CXX_FEATURE:1cxx_raw_string_literals
    Feature record: CXX_FEATURE:1cxx_reference_qualified_functions
    Feature record: CXX_FEATURE:1cxx_relaxed_constexpr
    Feature record: CXX_FEATURE:1cxx_return_type_deduction
    Feature record: CXX_FEATURE:1cxx_right_angle_brackets
    Feature record: CXX_FEATURE:1cxx_rvalue_references
    Feature record: CXX_FEATURE:1cxx_sizeof_member
    Feature record: CXX_FEATURE:1cxx_static_assert
    Feature record: CXX_FEATURE:1cxx_strong_enums
    Feature record: CXX_FEATURE:1cxx_template_template_parameters
    Feature record: CXX_FEATURE:1cxx_thread_local
    Feature record: CXX_FEATURE:1cxx_trailing_return_types
    Feature record: CXX_FEATURE:1cxx_unicode_literals
    Feature record: CXX_FEATURE:1cxx_uniform_initialization
    Feature record: CXX_FEATURE:1cxx_unrestricted_unions
    Feature record: CXX_FEATURE:1cxx_user_literals
    Feature record: CXX_FEATURE:1cxx_variable_templates
    Feature record: CXX_FEATURE:1cxx_variadic_macros
    Feature record: CXX_FEATURE:1cxx_variadic_templates


Detecting CXX [-std=c++11] compiler features compiled with the following output:
Change Dir: /home/munna/dune/dune-2.6.0/dune-fem1d/build-cmake/CMakeFiles/CMakeTmp

Run Build Command:"/usr/bin/make" "cmTC_3296d/fast"
/usr/bin/make -f CMakeFiles/cmTC_3296d.dir/build.make CMakeFiles/cmTC_3296d.dir/build
make[1]: Entering directory '/home/munna/dune/dune-2.6.0/dune-fem1d/build-cmake/CMakeFiles/CMakeTmp'
Building CXX object CMakeFiles/cmTC_3296d.dir/feature_tests.cxx.o
/usr/bin/c++     -DNDEBUG -O3 -ffast-math    -std=c++11 -o CMakeFiles/cmTC_3296d.dir/feature_tests.cxx.o -c /home/munna/dune/dune-2.6.0/dune-fem1d/build-cmake/CMakeFiles/feature_tests.cxx
Linking CXX executable cmTC_3296d
/usr/bin/cmake -E cmake_link_script CMakeFiles/cmTC_3296d.dir/link.txt --verbose=1
/usr/bin/c++   -DNDEBUG -O3 -ffast-math     CMakeFiles/cmTC_3296d.dir/feature_tests.cxx.o  -o cmTC_3296d -rdynamic 
make[1]: Leaving directory '/home/munna/dune/dune-2.6.0/dune-fem1d/build-cmake/CMakeFiles/CMakeTmp'


    Feature record: CXX_FEATURE:0cxx_aggregate_default_initializers
    Feature record: CXX_FEATURE:1cxx_alias_templates
    Feature record: CXX_FEATURE:1cxx_alignas
    Feature record: CXX_FEATURE:1cxx_alignof
    Feature record: CXX_FEATURE:1cxx_attributes
    Feature record: CXX_FEATURE:0cxx_attribute_deprecated
    Feature record: CXX_FEATURE:1cxx_auto_type
    Feature record: CXX_FEATURE:0cxx_binary_literals
    Feature record: CXX_FEATURE:1cxx_constexpr
    Feature record: CXX_FEATURE:0cxx_contextual_conversions
    Feature record: CXX_FEATURE:1cxx_decltype
    Feature record: CXX_FEATURE:0cxx_decltype_auto
    Feature record: CXX_FEATURE:1cxx_decltype_incomplete_return_types
    Feature record: CXX_FEATURE:1cxx_default_function_template_args
    Feature record: CXX_FEATURE:1cxx_defaulted_functions
    Feature record: CXX_FEATURE:1cxx_defaulted_move_initializers
    Feature record: CXX_FEATURE:1cxx_delegating_constructors
    Feature record: CXX_FEATURE:1cxx_deleted_functions
    Feature record: CXX_FEATURE:0cxx_digit_separators
    Feature record: CXX_FEATURE:1cxx_enum_forward_declarations
    Feature record: CXX_FEATURE:1cxx_explicit_conversions
    Feature record: CXX_FEATURE:1cxx_extended_friend_declarations
    Feature record: CXX_FEATURE:1cxx_extern_templates
    Feature record: CXX_FEATURE:1cxx_final
    Feature record: CXX_FEATURE:1cxx_func_identifier
    Feature record: CXX_FEATURE:1cxx_generalized_initializers
    Feature record: CXX_FEATURE:0cxx_generic_lambdas
    Feature record: CXX_FEATURE:1cxx_inheriting_constructors
    Feature record: CXX_FEATURE:1cxx_inline_namespaces
    Feature record: CXX_FEATURE:1cxx_lambdas
    Feature record: CXX_FEATURE:0cxx_lambda_init_captures
    Feature record: CXX_FEATURE:1cxx_local_type_template_args
    Feature record: CXX_FEATURE:1cxx_long_long_type
    Feature record: CXX_FEATURE:1cxx_noexcept
    Feature record: CXX_FEATURE:1cxx_nonstatic_member_init
    Feature record: CXX_FEATURE:1cxx_nullptr
    Feature record: CXX_FEATURE:1cxx_override
    Feature record: CXX_FEATURE:1cxx_range_for
    Feature record: CXX_FEATURE:1cxx_raw_string_literals
    Feature record: CXX_FEATURE:1cxx_reference_qualified_functions
    Feature record: CXX_FEATURE:0cxx_relaxed_constexpr
    Feature record: CXX_FEATURE:0cxx_return_type_deduction
    Feature record: CXX_FEATURE:1cxx_right_angle_brackets
    Feature record: CXX_FEATURE:1cxx_rvalue_references
    Feature record: CXX_FEATURE:1cxx_sizeof_member
    Feature record: CXX_FEATURE:1cxx_static_assert
    Feature record: CXX_FEATURE:1cxx_strong_enums
    Feature record: CXX_FEATURE:1cxx_template_template_parameters
    Feature record: CXX_FEATURE:1cxx_thread_local
    Feature record: CXX_FEATURE:1cxx_trailing_return_types
    Feature record: CXX_FEATURE:1cxx_unicode_literals
    Feature record: CXX_FEATURE:1cxx_uniform_initialization
    Feature record: CXX_FEATURE:1cxx_unrestricted_unions
    Feature record: CXX_FEATURE:1cxx_user_literals
    Feature record: CXX_FEATURE:0cxx_variable_templates
    Feature record: CXX_FEATURE:1cxx_variadic_macros
    Feature record: CXX_FEATURE:1cxx_variadic_templates


Detecting CXX [-std=c++98] compiler features compiled with the following output:
Change Dir: /home/munna/dune/dune-2.6.0/dune-fem1d/build-cmake/CMakeFiles/CMakeTmp

Run Build Command:"/usr/bin/make" "cmTC_40068/fast"
/usr/bin/make -f CMakeFiles/cmTC_40068.dir/build.make CMakeFiles/cmTC_40068.dir/build
make[1]: Entering directory '/home/munna/dune/dune-2.6.0/dune-fem1d/build-cmake/CMakeFiles/CMakeTmp'
Building CXX object CMakeFiles/cmTC_40068.dir/feature_tests.cxx.o
/usr/bin/c++     -DNDEBUG -O3 -ffast-math    -std=c++98 -o CMakeFiles/cmTC_40068.dir/feature_tests.cxx.o -c /home/munna/dune/dune-2.6.0/dune-fem1d/build-cmake/CMakeFiles/feature_tests.cxx
Linking CXX executable cmTC_40068
/usr/bin/cmake -E cmake_link_script CMakeFiles/cmTC_40068.dir/link.txt --verbose=1
/usr/bin/c++   -DNDEBUG -O3 -ffast-math     CMakeFiles/cmTC_40068.dir/feature_tests.cxx.o  -o cmTC_40068 -rdynamic 
make[1]: Leaving directory '/home/munna/dune/dune-2.6.0/dune-fem1d/build-cmake/CMakeFiles/CMakeTmp'


    Feature record: CXX_FEATURE:0cxx_aggregate_default_initializers
    Feature record: CXX_FEATURE:0cxx_alias_templates
    Feature record: CXX_FEATURE:0cxx_alignas
    Feature record: CXX_FEATURE:0cxx_alignof
    Feature record: CXX_FEATURE:0cxx_attributes
    Feature record: CXX_FEATURE:0cxx_attribute_deprecated
    Feature record: CXX_FEATURE:0cxx_auto_type
    Feature record: CXX_FEATURE:0cxx_binary_literals
    Feature record: CXX_FEATURE:0cxx_constexpr
    Feature record: CXX_FEATURE:0cxx_contextual_conversions
    Feature record: CXX_FEATURE:0cxx_decltype
    Feature record: CXX_FEATURE:0cxx_decltype_auto
    Feature record: CXX_FEATURE:0cxx_decltype_incomplete_return_types
    Feature record: CXX_FEATURE:0cxx_default_function_template_args
    Feature record: CXX_FEATURE:0cxx_defaulted_functions
    Feature record: CXX_FEATURE:0cxx_defaulted_move_initializers
    Feature record: CXX_FEATURE:0cxx_delegating_constructors
    Feature record: CXX_FEATURE:0cxx_deleted_functions
    Feature record: CXX_FEATURE:0cxx_digit_separators
    Feature record: CXX_FEATURE:0cxx_enum_forward_declarations
    Feature record: CXX_FEATURE:0cxx_explicit_conversions
    Feature record: CXX_FEATURE:0cxx_extended_friend_declarations
    Feature record: CXX_FEATURE:0cxx_extern_templates
    Feature record: CXX_FEATURE:0cxx_final
    Feature record: CXX_FEATURE:0cxx_func_identifier
    Feature record: CXX_FEATURE:0cxx_generalized_initializers
    Feature record: CXX_FEATURE:0cxx_generic_lambdas
    Feature record: CXX_FEATURE:0cxx_inheriting_constructors
    Feature record: CXX_FEATURE:0cxx_inline_namespaces
    Feature record: CXX_FEATURE:0cxx_lambdas
    Feature record: CXX_FEATURE:0cxx_lambda_init_captures
    Feature record: CXX_FEATURE:0cxx_local_type_template_args
    Feature record: CXX_FEATURE:0cxx_long_long_type
    Feature record: CXX_FEATURE:0cxx_noexcept
    Feature record: CXX_FEATURE:0cxx_nonstatic_member_init
    Feature record: CXX_FEATURE:0cxx_nullptr
    Feature record: CXX_FEATURE:0cxx_override
    Feature record: CXX_FEATURE:0cxx_range_for
    Feature record: CXX_FEATURE:0cxx_raw_string_literals
    Feature record: CXX_FEATURE:0cxx_reference_qualified_functions
    Feature record: CXX_FEATURE:0cxx_relaxed_constexpr
    Feature record: CXX_FEATURE:0cxx_return_type_deduction
    Feature record: CXX_FEATURE:0cxx_right_angle_brackets
    Feature record: CXX_FEATURE:0cxx_rvalue_references
    Feature record: CXX_FEATURE:0cxx_sizeof_member
    Feature record: CXX_FEATURE:0cxx_static_assert
    Feature record: CXX_FEATURE:0cxx_strong_enums
    Feature record: CXX_FEATURE:1cxx_template_template_parameters
    Feature record: CXX_FEATURE:0cxx_thread_local
    Feature record: CXX_FEATURE:0cxx_trailing_return_types
    Feature record: CXX_FEATURE:0cxx_unicode_literals
    Feature record: CXX_FEATURE:0cxx_uniform_initialization
    Feature record: CXX_FEATURE:0cxx_unrestricted_unions
    Feature record: CXX_FEATURE:0cxx_user_literals
    Feature record: CXX_FEATURE:0cxx_variable_templates
    Feature record: CXX_FEATURE:0cxx_variadic_macros
    Feature record: CXX_FEATURE:0cxx_variadic_templates
Compiling the C compiler identification source file "CMakeCCompilerId.c" succeeded.
Compiler: /usr/bin/cc 
Build flags: 
Id flags: 

The output was:
0


Compilation of the C compiler identification source "CMakeCCompilerId.c" produced "a.out"

The C compiler identification is GNU, found in "/home/munna/dune/dune-2.6.0/dune-fem1d/build-cmake/CMakeFiles/3.5.1/CompilerIdC/a.out"

Determining if the C compiler works passed with the following output:
Change Dir: /home/munna/dune/dune-2.6.0/dune-fem1d/build-cmake/CMakeFiles/CMakeTmp

Run Build Command:"/usr/bin/make" "cmTC_5f286/fast"
/usr/bin/make -f CMakeFiles/cmTC_5f286.dir/build.make CMakeFiles/cmTC_5f286.dir/build
make[1]: Entering directory '/home/munna/dune/dune-2.6.0/dune-fem1d/build-cmake/CMakeFiles/CMakeTmp'
Building C object CMakeFiles/cmTC_5f286.dir/testCCompiler.c.o
/usr/bin/cc     -o CMakeFiles/cmTC_5f286.dir/testCCompiler.c.o   -c /home/munna/dune/dune-2.6.0/dune-fem1d/build-cmake/CMakeFiles/CMakeTmp/testCCompiler.c
Linking C executable cmTC_5f286
/usr/bin/cmake -E cmake_link_script CMakeFiles/cmTC_5f286.dir/link.txt --verbose=1
/usr/bin/cc       CMakeFiles/cmTC_5f286.dir/testCCompiler.c.o  -o cmTC_5f286 -rdynamic 
make[1]: Leaving directory '/home/munna/dune/dune-2.6.0/dune-fem1d/build-cmake/CMakeFiles/CMakeTmp'


Detecting C compiler ABI info compiled with the following output:
Change Dir: /home/munna/dune/dune-2.6.0/dune-fem1d/build-cmake/CMakeFiles/CMakeTmp

Run Build Command:"/usr/bin/make" "cmTC_fb164/fast"
/usr/bin/make -f CMakeFiles/cmTC_fb164.dir/build.make CMakeFiles/cmTC_fb164.dir/build
make[1]: Entering directory '/home/munna/dune/dune-2.6.0/dune-fem1d/build-cmake/CMakeFiles/CMakeTmp'
Building C object CMakeFiles/cmTC_fb164.dir/CMakeCCompilerABI.c.o
/usr/bin/cc     -o CMakeFiles/cmTC_fb164.dir/CMakeCCompilerABI.c.o   -c /usr/share/cmake-3.5/Modules/CMakeCCompilerABI.c
Linking C executable cmTC_fb164
/usr/bin/cmake -E cmake_link_script CMakeFiles/cmTC_fb164.dir/link.txt --verbose=1
/usr/bin/cc      -v CMakeFiles/cmTC_fb164.dir/CMakeCCompilerABI.c.o  -o cmTC_fb164 -rdynamic  
Using built-in specs.
COLLECT_GCC=/usr/bin/cc
COLLECT_LTO_WRAPPER=/usr/lib/gcc/x86_64-linux-gnu/5/lto-wrapper
Target: x86_64-linux-gnu
Configured with: ../src/configure -v --with-pkgversion='Ubuntu 5.4.0-6ubuntu1~16.04.10' --with-bugurl=file:///usr/share/doc/gcc-5/README.Bugs --enable-languages=c,ada,c++,java,go,d,fortran,objc,obj-c++ --prefix=/usr --program-suffix=-5 --enable-shared --enable-linker-build-id --libexecdir=/usr/lib --without-included-gettext --enable-threads=posix --libdir=/usr/lib --enable-nls --with-sysroot=/ --enable-clocale=gnu --enable-libstdcxx-debug --enable-libstdcxx-time=yes --with-default-libstdcxx-abi=new --enable-gnu-unique-object --disable-vtable-verify --enable-libmpx --enable-plugin --with-system-zlib --disable-browser-plugin --enable-java-awt=gtk --enable-gtk-cairo --with-java-home=/usr/lib/jvm/java-1.5.0-gcj-5-amd64/jre --enable-java-home --with-jvm-root-dir=/usr/lib/jvm/java-1.5.0-gcj-5-amd64 --with-jvm-jar-dir=/usr/lib/jvm-exports/java-1.5.0-gcj-5-amd64 --with-arch-directory=amd64 --with-ecj-jar=/usr/share/java/eclipse-ecj.jar --enable-objc-gc --enable-multiarch --disable-werror --with-arch-32=i686 --with-abi=m64 --with-multilib-list=m32,m64,mx32 --enable-multilib --with-tune=generic --enable-checking=release --build=x86_64-linux-gnu --host=x86_64-linux-gnu --target=x86_64-linux-gnu
Thread model: posix
gcc version 5.4.0 20160609 (Ubuntu 5.4.0-6ubuntu1~16.04.10) 
COMPILER_PATH=/usr/lib/gcc/x86_64-linux-gnu/5/:/usr/lib/gcc/x86_64-linux-gnu/5/:/usr/lib/gcc/x86_64-linux-gnu/:/usr/lib/gcc/x86_64-linux-gnu/5/:/usr/lib/gcc/x86_64-linux-gnu/
LIBRARY_PATH=/usr/lib/gcc/x86_64-linux-gnu/5/:/usr/lib/gcc/x86_64-linux-gnu/5/../../../x86_64-linux-gnu/:/usr/lib/gcc/x86_64-linux-gnu/5/../../../../lib/:/lib/x86_64-linux-gnu/:/lib/../lib/:/usr/lib/x86_64-linux-gnu/:/usr/lib/../lib/:/usr/lib/gcc/x86_64-linux-gnu/5/../../../:/lib/:/usr/lib/
COLLECT_GCC_OPTIONS='-v' '-o' 'cmTC_fb164' '-rdynamic' '-mtune=generic' '-march=x86-64'
 /usr/lib/gcc/x86_64-linux-gnu/5/collect2 -plugin /usr/lib/gcc/x86_64-linux-gnu/5/liblto_plugin.so -plugin-opt=/usr/lib/gcc/x86_64-linux-gnu/5/lto-wrapper -plugin-opt=-fresolution=/tmp/cc7H8liA.res -plugin-opt=-pass-through=-lgcc -plugin-opt=-pass-through=-lgcc_s -plugin-opt=-pass-through=-lc -plugin-opt=-pass-through=-lgcc -plugin-opt=-pass-through=-lgcc_s --sysroot=/ --build-id --eh-frame-hdr -m elf_x86_64 --hash-style=gnu --as-needed -export-dynamic -dynamic-linker /lib64/ld-linux-x86-64.so.2 -z relro -o cmTC_fb164 /usr/lib/gcc/x86_64-linux-gnu/5/../../../x86_64-linux-gnu/crt1.o /usr/lib/gcc/x86_64-linux-gnu/5/../../../x86_64-linux-gnu/crti.o /usr/lib/gcc/x86_64-linux-gnu/5/crtbegin.o -L/usr/lib/gcc/x86_64-linux-gnu/5 -L/usr/lib/gcc/x86_64-linux-gnu/5/../../../x86_64-linux-gnu -L/usr/lib/gcc/x86_64-linux-gnu/5/../../../../lib -L/lib/x86_64-linux-gnu -L/lib/../lib -L/usr/lib/x86_64-linux-gnu -L/usr/lib/../lib -L/usr/lib/gcc/x86_64-linux-gnu/5/../../.. CMakeFiles/cmTC_fb164.dir/CMakeCCompilerABI.c.o -lgcc --as-needed -lgcc_s --no-as-needed -lc -lgcc --as-needed -lgcc_s --no-as-needed /usr/lib/gcc/x86_64-linux-gnu/5/crtend.o /usr/lib/gcc/x86_64-linux-gnu/5/../../../x86_64-linux-gnu/crtn.o
make[1]: Leaving directory '/home/munna/dune/dune-2.6.0/dune-fem1d/build-cmake/CMakeFiles/CMakeTmp'


Parsed C implicit link information from above output:
  link line regex: [^( *|.*[/\])(ld|([^/\]+-)?ld|collect2)[^/\]*( |$)]
  ignore line: [Change Dir: /home/munna/dune/dune-2.6.0/dune-fem1d/build-cmake/CMakeFiles/CMakeTmp]
  ignore line: []
  ignore line: [Run Build Command:"/usr/bin/make" "cmTC_fb164/fast"]
  ignore line: [/usr/bin/make -f CMakeFiles/cmTC_fb164.dir/build.make CMakeFiles/cmTC_fb164.dir/build]
  ignore line: [make[1]: Entering directory '/home/munna/dune/dune-2.6.0/dune-fem1d/build-cmake/CMakeFiles/CMakeTmp']
  ignore line: [Building C object CMakeFiles/cmTC_fb164.dir/CMakeCCompilerABI.c.o]
  ignore line: [/usr/bin/cc     -o CMakeFiles/cmTC_fb164.dir/CMakeCCompilerABI.c.o   -c /usr/share/cmake-3.5/Modules/CMakeCCompilerABI.c]
  ignore line: [Linking C executable cmTC_fb164]
  ignore line: [/usr/bin/cmake -E cmake_link_script CMakeFiles/cmTC_fb164.dir/link.txt --verbose=1]
  ignore line: [/usr/bin/cc      -v CMakeFiles/cmTC_fb164.dir/CMakeCCompilerABI.c.o  -o cmTC_fb164 -rdynamic  ]
  ignore line: [Using built-in specs.]
  ignore line: [COLLECT_GCC=/usr/bin/cc]
  ignore line: [COLLECT_LTO_WRAPPER=/usr/lib/gcc/x86_64-linux-gnu/5/lto-wrapper]
  ignore line: [Target: x86_64-linux-gnu]
  ignore line: [Configured with: ../src/configure -v --with-pkgversion='Ubuntu 5.4.0-6ubuntu1~16.04.10' --with-bugurl=file:///usr/share/doc/gcc-5/README.Bugs --enable-languages=c,ada,c++,java,go,d,fortran,objc,obj-c++ --prefix=/usr --program-suffix=-5 --enable-shared --enable-linker-build-id --libexecdir=/usr/lib --without-included-gettext --enable-threads=posix --libdir=/usr/lib --enable-nls --with-sysroot=/ --enable-clocale=gnu --enable-libstdcxx-debug --enable-libstdcxx-time=yes --with-default-libstdcxx-abi=new --enable-gnu-unique-object --disable-vtable-verify --enable-libmpx --enable-plugin --with-system-zlib --disable-browser-plugin --enable-java-awt=gtk --enable-gtk-cairo --with-java-home=/usr/lib/jvm/java-1.5.0-gcj-5-amd64/jre --enable-java-home --with-jvm-root-dir=/usr/lib/jvm/java-1.5.0-gcj-5-amd64 --with-jvm-jar-dir=/usr/lib/jvm-exports/java-1.5.0-gcj-5-amd64 --with-arch-directory=amd64 --with-ecj-jar=/usr/share/java/eclipse-ecj.jar --enable-objc-gc --enable-multiarch --disable-werror --with-arch-32=i686 --with-abi=m64 --with-multilib-list=m32,m64,mx32 --enable-multilib --with-tune=generic --enable-checking=release --build=x86_64-linux-gnu --host=x86_64-linux-gnu --target=x86_64-linux-gnu]
  ignore line: [Thread model: posix]
  ignore line: [gcc version 5.4.0 20160609 (Ubuntu 5.4.0-6ubuntu1~16.04.10) ]
  ignore line: [COMPILER_PATH=/usr/lib/gcc/x86_64-linux-gnu/5/:/usr/lib/gcc/x86_64-linux-gnu/5/:/usr/lib/gcc/x86_64-linux-gnu/:/usr/lib/gcc/x86_64-linux-gnu/5/:/usr/lib/gcc/x86_64-linux-gnu/]
  ignore line: [LIBRARY_PATH=/usr/lib/gcc/x86_64-linux-gnu/5/:/usr/lib/gcc/x86_64-linux-gnu/5/../../../x86_64-linux-gnu/:/usr/lib/gcc/x86_64-linux-gnu/5/../../../../lib/:/lib/x86_64-linux-gnu/:/lib/../lib/:/usr/lib/x86_64-linux-gnu/:/usr/lib/../lib/:/usr/lib/gcc/x86_64-linux-gnu/5/../../../:/lib/:/usr/lib/]
  ignore line: [COLLECT_GCC_OPTIONS='-v' '-o' 'cmTC_fb164' '-rdynamic' '-mtune=generic' '-march=x86-64']
  link line: [ /usr/lib/gcc/x86_64-linux-gnu/5/collect2 -plugin /usr/lib/gcc/x86_64-linux-gnu/5/liblto_plugin.so -plugin-opt=/usr/lib/gcc/x86_64-linux-gnu/5/lto-wrapper -plugin-opt=-fresolution=/tmp/cc7H8liA.res -plugin-opt=-pass-through=-lgcc -plugin-opt=-pass-through=-lgcc_s -plugin-opt=-pass-through=-lc -plugin-opt=-pass-through=-lgcc -plugin-opt=-pass-through=-lgcc_s --sysroot=/ --build-id --eh-frame-hdr -m elf_x86_64 --hash-style=gnu --as-needed -export-dynamic -dynamic-linker /lib64/ld-linux-x86-64.so.2 -z relro -o cmTC_fb164 /usr/lib/gcc/x86_64-linux-gnu/5/../../../x86_64-linux-gnu/crt1.o /usr/lib/gcc/x86_64-linux-gnu/5/../../../x86_64-linux-gnu/crti.o /usr/lib/gcc/x86_64-linux-gnu/5/crtbegin.o -L/usr/lib/gcc/x86_64-linux-gnu/5 -L/usr/lib/gcc/x86_64-linux-gnu/5/../../../x86_64-linux-gnu -L/usr/lib/gcc/x86_64-linux-gnu/5/../../../../lib -L/lib/x86_64-linux-gnu -L/lib/../lib -L/usr/lib/x86_64-linux-gnu -L/usr/lib/../lib -L/usr/lib/gcc/x86_64-linux-gnu/5/../../.. CMakeFiles/cmTC_fb164.dir/CMakeCCompilerABI.c.o -lgcc --as-needed -lgcc_s --no-as-needed -lc -lgcc --as-needed -lgcc_s --no-as-needed /usr/lib/gcc/x86_64-linux-gnu/5/crtend.o /usr/lib/gcc/x86_64-linux-gnu/5/../../../x86_64-linux-gnu/crtn.o]
    arg [/usr/lib/gcc/x86_64-linux-gnu/5/collect2] ==> ignore
    arg [-plugin] ==> ignore
    arg [/usr/lib/gcc/x86_64-linux-gnu/5/liblto_plugin.so] ==> ignore
    arg [-plugin-opt=/usr/lib/gcc/x86_64-linux-gnu/5/lto-wrapper] ==> ignore
    arg [-plugin-opt=-fresolution=/tmp/cc7H8liA.res] ==> ignore
    arg [-plugin-opt=-pass-through=-lgcc] ==> ignore
    arg [-plugin-opt=-pass-through=-lgcc_s] ==> ignore
    arg [-plugin-opt=-pass-through=-lc] ==> ignore
    arg [-plugin-opt=-pass-through=-lgcc] ==> ignore
    arg [-plugin-opt=-pass-through=-lgcc_s] ==> ignore
    arg [--sysroot=/] ==> ignore
    arg [--build-id] ==> ignore
    arg [--eh-frame-hdr] ==> ignore
    arg [-m] ==> ignore
    arg [elf_x86_64] ==> ignore
    arg [--hash-style=gnu] ==> ignore
    arg [--as-needed] ==> ignore
    arg [-export-dynamic] ==> ignore
    arg [-dynamic-linker] ==> ignore
    arg [/lib64/ld-linux-x86-64.so.2] ==> ignore
    arg [-zrelro] ==> ignore
    arg [-o] ==> ignore
    arg [cmTC_fb164] ==> ignore
    arg [/usr/lib/gcc/x86_64-linux-gnu/5/../../../x86_64-linux-gnu/crt1.o] ==> ignore
    arg [/usr/lib/gcc/x86_64-linux-gnu/5/../../../x86_64-linux-gnu/crti.o] ==> ignore
    arg [/usr/lib/gcc/x86_64-linux-gnu/5/crtbegin.o] ==> ignore
    arg [-L/usr/lib/gcc/x86_64-linux-gnu/5] ==> dir [/usr/lib/gcc/x86_64-linux-gnu/5]
    arg [-L/usr/lib/gcc/x86_64-linux-gnu/5/../../../x86_64-linux-gnu] ==> dir [/usr/lib/gcc/x86_64-linux-gnu/5/../../../x86_64-linux-gnu]
    arg [-L/usr/lib/gcc/x86_64-linux-gnu/5/../../../../lib] ==> dir [/usr/lib/gcc/x86_64-linux-gnu/5/../../../../lib]
    arg [-L/lib/x86_64-linux-gnu] ==> dir [/lib/x86_64-linux-gnu]
    arg [-L/lib/../lib] ==> dir [/lib/../lib]
    arg [-L/usr/lib/x86_64-linux-gnu] ==> dir [/usr/lib/x86_64-linux-gnu]
    arg [-L/usr/lib/../lib] ==> dir [/usr/lib/../lib]
    arg [-L/usr/lib/gcc/x86_64-linux-gnu/5/../../..] ==> dir [/usr/lib/gcc/x86_64-linux-gnu/5/../../..]
    arg [CMakeFiles/cmTC_fb164.dir/CMakeCCompilerABI.c.o] ==> ignore
    arg [-lgcc] ==> lib [gcc]
    arg [--as-needed] ==> ignore
    arg [-lgcc_s] ==> lib [gcc_s]
    arg [--no-as-needed] ==> ignore
    arg [-lc] ==> lib [c]
    arg [-lgcc] ==> lib [gcc]
    arg [--as-needed] ==> ignore
    arg [-lgcc_s] ==> lib [gcc_s]
    arg [--no-as-needed] ==> ignore
    arg [/usr/lib/gcc/x86_64-linux-gnu/5/crtend.o] ==> ignore
    arg [/usr/lib/gcc/x86_64-linux-gnu/5/../../../x86_64-linux-gnu/crtn.o] ==> ignore
  remove lib [gcc]
  remove lib [gcc_s]
  remove lib [gcc]
  remove lib [gcc_s]
  collapse library dir [/usr/lib/gcc/x86_64-linux-gnu/5] ==> [/usr/lib/gcc/x86_64-linux-gnu/5]
  collapse library dir [/usr/lib/gcc/x86_64-linux-gnu/5/../../../x86_64-linux-gnu] ==> [/usr/lib/x86_64-linux-gnu]
  collapse library dir [/usr/lib/gcc/x86_64-linux-gnu/5/../../../../lib] ==> [/usr/lib]
  collapse library dir [/lib/x86_64-linux-gnu] ==> [/lib/x86_64-linux-gnu]
  collapse library dir [/lib/../lib] ==> [/lib]
  collapse library dir [/usr/lib/x86_64-linux-gnu] ==> [/usr/lib/x86_64-linux-gnu]
  collapse library dir [/usr/lib/../lib] ==> [/usr/lib]
  collapse library dir [/usr/lib/gcc/x86_64-linux-gnu/5/../../..] ==> [/usr/lib]
  implicit libs: [c]
  implicit dirs: [/usr/lib/gcc/x86_64-linux-gnu/5;/usr/lib/x86_64-linux-gnu;/usr/lib;/lib/x86_64-linux-gnu;/lib]
  implicit fwks: []




Detecting C [-std=c11] compiler features compiled with the following output:
Change Dir: /home/munna/dune/dune-2.6.0/dune-fem1d/build-cmake/CMakeFiles/CMakeTmp

Run Build Command:"/usr/bin/make" "cmTC_122b2/fast"
/usr/bin/make -f CMakeFiles/cmTC_122b2.dir/build.make CMakeFiles/cmTC_122b2.dir/build
make[1]: Entering directory '/home/munna/dune/dune-2.6.0/dune-fem1d/build-cmake/CMakeFiles/CMakeTmp'
Building C object CMakeFiles/cmTC_122b2.dir/feature_tests.c.o
/usr/bin/cc    -std=c11 -o CMakeFiles/cmTC_122b2.dir/feature_tests.c.o   -c /home/munna/dune/dune-2.6.0/dune-fem1d/build-cmake/CMakeFiles/feature_tests.c
Linking C executable cmTC_122b2
/usr/bin/cmake -E cmake_link_script CMakeFiles/cmTC_122b2.dir/link.txt --verbose=1
/usr/bin/cc       CMakeFiles/cmTC_122b2.dir/feature_tests.c.o  -o cmTC_122b2 -rdynamic 
make[1]: Leaving directory '/home/munna/dune/dune-2.6.0/dune-fem1d/build-cmake/CMakeFiles/CMakeTmp'


    Feature record: C_FEATURE:1c_function_prototypes
    Feature record: C_FEATURE:1c_restrict
    Feature record: C_FEATURE:1c_static_assert
    Feature record: C_FEATURE:1c_variadic_macros


Detecting C [-std=c99] compiler features compiled with the following output:
Change Dir: /home/munna/dune/dune-2.6.0/dune-fem1d/build-cmake/CMakeFiles/CMakeTmp

Run Build Command:"/usr/bin/make" "cmTC_02558/fast"
/usr/bin/make -f CMakeFiles/cmTC_02558.dir/build.make CMakeFiles/cmTC_02558.dir/build
make[1]: Entering directory '/home/munna/dune/dune-2.6.0/dune-fem1d/build-cmake/CMakeFiles/CMakeTmp'
Building C object CMakeFiles/cmTC_02558.dir/feature_tests.c.o
/usr/bin/cc    -std=c99 -o CMakeFiles/cmTC_02558.dir/feature_tests.c.o   -c /home/munna/dune/dune-2.6.0/dune-fem1d/build-cmake/CMakeFiles/feature_tests.c
Linking C executable cmTC_02558
/usr/bin/cmake -E cmake_link_script CMakeFiles/cmTC_02558.dir/link.txt --verbose=1
/usr/bin/cc       CMakeFiles/cmTC_02558.dir/feature_tests.c.o  -o cmTC_02558 -rdynamic 
make[1]: Leaving directory '/home/munna/dune/dune-2.6.0/dune-fem1d/build-cmake/CMakeFiles/CMakeTmp'


    Feature record: C_FEATURE:1c_function_prototypes
    Feature record: C_FEATURE:1c_restrict
    Feature record: C_FEATURE:0c_static_assert
    Feature record: C_FEATURE:1c_variadic_macros


Detecting C [-std=c90] compiler features compiled with the following output:
Change Dir: /home/munna/dune/dune-2.6.0/dune-fem1d/build-cmake/CMakeFiles/CMakeTmp

Run Build Command:"/usr/bin/make" "cmTC_36651/fast"
/usr/bin/make -f CMakeFiles/cmTC_36651.dir/build.make CMakeFiles/cmTC_36651.dir/build
make[1]: Entering directory '/home/munna/dune/dune-2.6.0/dune-fem1d/build-cmake/CMakeFiles/CMakeTmp'
Building C object CMakeFiles/cmTC_36651.dir/feature_tests.c.o
/usr/bin/cc    -std=c90 -o CMakeFiles/cmTC_36651.dir/feature_tests.c.o   -c /home/munna/dune/dune-2.6.0/dune-fem1d/build-cmake/CMakeFiles/feature_tests.c
Linking C executable cmTC_36651
/usr/bin/cmake -E cmake_link_script CMakeFiles/cmTC_36651.dir/link.txt --verbose=1
/usr/bin/cc       CMakeFiles/cmTC_36651.dir/feature_tests.c.o  -o cmTC_36651 -rdynamic 
make[1]: Leaving directory '/home/munna/dune/dune-2.6.0/dune-fem1d/build-cmake/CMakeFiles/CMakeTmp'


    Feature record: C_FEATURE:1c_function_prototypes
    Feature record: C_FEATURE:0c_restrict
    Feature record: C_FEATURE:0c_static_assert
    Feature record: C_FEATURE:0c_variadic_macros
Compiling the Fortran compiler identification source file "CMakeFortranCompilerId.F" succeeded.
Compiler: /usr/bin/gfortran 
Build flags: 
Id flags: -v

The output was:
0
Driving: /usr/bin/gfortran -v CMakeFortranCompilerId.F -l gfortran -l m -shared-libgcc
Using built-in specs.
COLLECT_GCC=/usr/bin/gfortran
COLLECT_LTO_WRAPPER=/usr/lib/gcc/x86_64-linux-gnu/5/lto-wrapper
Target: x86_64-linux-gnu
Configured with: ../src/configure -v --with-pkgversion='Ubuntu 5.4.0-6ubuntu1~16.04.10' --with-bugurl=file:///usr/share/doc/gcc-5/README.Bugs --enable-languages=c,ada,c++,java,go,d,fortran,objc,obj-c++ --prefix=/usr --program-suffix=-5 --enable-shared --enable-linker-build-id --libexecdir=/usr/lib --without-included-gettext --enable-threads=posix --libdir=/usr/lib --enable-nls --with-sysroot=/ --enable-clocale=gnu --enable-libstdcxx-debug --enable-libstdcxx-time=yes --with-default-libstdcxx-abi=new --enable-gnu-unique-object --disable-vtable-verify --enable-libmpx --enable-plugin --with-system-zlib --disable-browser-plugin --enable-java-awt=gtk --enable-gtk-cairo --with-java-home=/usr/lib/jvm/java-1.5.0-gcj-5-amd64/jre --enable-java-home --with-jvm-root-dir=/usr/lib/jvm/java-1.5.0-gcj-5-amd64 --with-jvm-jar-dir=/usr/lib/jvm-exports/java-1.5.0-gcj-5-amd64 --with-arch-directory=amd64 --with-ecj-jar=/usr/share/java/eclipse-ecj.jar --enable-objc-gc --enable-multiarch --disable-werror --with-arch-32=i686 --with-abi=m64 --with-multilib-list=m32,m64,mx32 --enable-multilib --with-tune=generic --enable-checking=release --build=x86_64-linux-gnu --host=x86_64-linux-gnu --target=x86_64-linux-gnu
Thread model: posix
gcc version 5.4.0 20160609 (Ubuntu 5.4.0-6ubuntu1~16.04.10) 
COLLECT_GCC_OPTIONS='-v' '-shared-libgcc' '-mtune=generic' '-march=x86-64'
 /usr/lib/gcc/x86_64-linux-gnu/5/f951 CMakeFortranCompilerId.F -ffixed-form -cpp=/tmp/ccXYFgC2.f90 -quiet -v -imultiarch x86_64-linux-gnu CMakeFortranCompilerId.F -quiet -dumpbase CMakeFortranCompilerId.F -mtune=generic -march=x86-64 -auxbase CMakeFortranCompilerId -version -fintrinsic-modules-path /usr/lib/gcc/x86_64-linux-gnu/5/finclude -o /tmp/cc9tVSkx.s
GNU Fortran (Ubuntu 5.4.0-6ubuntu1~16.04.10) version 5.4.0 20160609 (x86_64-linux-gnu)
	compiled by GNU C version 5.4.0 20160609, GMP version 6.1.0, MPFR version 3.1.4, MPC version 1.0.3
GGC heuristics: --param ggc-min-expand=100 --param ggc-min-heapsize=131072
ignoring nonexistent directory "/usr/local/include/x86_64-linux-gnu"
ignoring nonexistent directory "/usr/lib/gcc/x86_64-linux-gnu/5/../../../../x86_64-linux-gnu/include"
#include "..." search starts here:
#include <...> search starts here:
 /usr/lib/gcc/x86_64-linux-gnu/5/finclude
 /usr/lib/gcc/x86_64-linux-gnu/5/include
 /usr/local/include
 /usr/lib/gcc/x86_64-linux-gnu/5/include-fixed
 /usr/include/x86_64-linux-gnu
 /usr/include
End of search list.
GNU Fortran2008 (Ubuntu 5.4.0-6ubuntu1~16.04.10) version 5.4.0 20160609 (x86_64-linux-gnu)
	compiled by GNU C version 5.4.0 20160609, GMP version 6.1.0, MPFR version 3.1.4, MPC version 1.0.3
GGC heuristics: --param ggc-min-expand=100 --param ggc-min-heapsize=131072
COLLECT_GCC_OPTIONS='-v' '-shared-libgcc' '-mtune=generic' '-march=x86-64'
 as -v --64 -o /tmp/ccugo251.o /tmp/cc9tVSkx.s
GNU assembler version 2.26.1 (x86_64-linux-gnu) using BFD version (GNU Binutils for Ubuntu) 2.26.1
Reading specs from /usr/lib/gcc/x86_64-linux-gnu/5/libgfortran.spec
rename spec lib to liborig
COLLECT_GCC_OPTIONS='-v' '-shared-libgcc' '-mtune=generic' '-march=x86-64'
COMPILER_PATH=/usr/lib/gcc/x86_64-linux-gnu/5/:/usr/lib/gcc/x86_64-linux-gnu/5/:/usr/lib/gcc/x86_64-linux-gnu/:/usr/lib/gcc/x86_64-linux-gnu/5/:/usr/lib/gcc/x86_64-linux-gnu/
LIBRARY_PATH=/usr/lib/gcc/x86_64-linux-gnu/5/:/usr/lib/gcc/x86_64-linux-gnu/5/../../../x86_64-linux-gnu/:/usr/lib/gcc/x86_64-linux-gnu/5/../../../../lib/:/lib/x86_64-linux-gnu/:/lib/../lib/:/usr/lib/x86_64-linux-gnu/:/usr/lib/../lib/:/usr/lib/gcc/x86_64-linux-gnu/5/../../../:/lib/:/usr/lib/
COLLECT_GCC_OPTIONS='-v' '-shared-libgcc' '-mtune=generic' '-march=x86-64'
 /usr/lib/gcc/x86_64-linux-gnu/5/collect2 -plugin /usr/lib/gcc/x86_64-linux-gnu/5/liblto_plugin.so -plugin-opt=/usr/lib/gcc/x86_64-linux-gnu/5/lto-wrapper -plugin-opt=-fresolution=/tmp/cc3aIWRw.res -plugin-opt=-pass-through=-lgcc_s -plugin-opt=-pass-through=-lgcc -plugin-opt=-pass-through=-lquadmath -plugin-opt=-pass-through=-lm -plugin-opt=-pass-through=-lgcc_s -plugin-opt=-pass-through=-lgcc -plugin-opt=-pass-through=-lc -plugin-opt=-pass-through=-lgcc_s -plugin-opt=-pass-through=-lgcc --sysroot=/ --build-id --eh-frame-hdr -m elf_x86_64 --hash-style=gnu --as-needed -dynamic-linker /lib64/ld-linux-x86-64.so.2 -z relro /usr/lib/gcc/x86_64-linux-gnu/5/../../../x86_64-linux-gnu/crt1.o /usr/lib/gcc/x86_64-linux-gnu/5/../../../x86_64-linux-gnu/crti.o /usr/lib/gcc/x86_64-linux-gnu/5/crtbegin.o -L/usr/lib/gcc/x86_64-linux-gnu/5 -L/usr/lib/gcc/x86_64-linux-gnu/5/../../../x86_64-linux-gnu -L/usr/lib/gcc/x86_64-linux-gnu/5/../../../../lib -L/lib/x86_64-linux-gnu -L/lib/../lib -L/usr/lib/x86_64-linux-gnu -L/usr/lib/../lib -L/usr/lib/gcc/x86_64-linux-gnu/5/../../.. /tmp/ccugo251.o -lgfortran -lm -lgcc_s -lgcc -lquadmath -lm -lgcc_s -lgcc -lc -lgcc_s -lgcc /usr/lib/gcc/x86_64-linux-gnu/5/crtend.o /usr/lib/gcc/x86_64-linux-gnu/5/../../../x86_64-linux-gnu/crtn.o


Compilation of the Fortran compiler identification source "CMakeFortranCompilerId.F" produced "a.out"

The Fortran compiler identification is GNU, found in "/home/munna/dune/dune-2.6.0/dune-fem1d/build-cmake/CMakeFiles/3.5.1/CompilerIdFortran/a.out"

Determining if the Fortran compiler works passed with the following output:
Change Dir: /home/munna/dune/dune-2.6.0/dune-fem1d/build-cmake/CMakeFiles/CMakeTmp

Run Build Command:"/usr/bin/make" "cmTC_be059/fast"
/usr/bin/make -f CMakeFiles/cmTC_be059.dir/build.make CMakeFiles/cmTC_be059.dir/build
make[1]: Entering directory '/home/munna/dune/dune-2.6.0/dune-fem1d/build-cmake/CMakeFiles/CMakeTmp'
Building Fortran object CMakeFiles/cmTC_be059.dir/testFortranCompiler.f.o
/usr/bin/gfortran     -c /home/munna/dune/dune-2.6.0/dune-fem1d/build-cmake/CMakeFiles/CMakeTmp/testFortranCompiler.f -o CMakeFiles/cmTC_be059.dir/testFortranCompiler.f.o
Linking Fortran executable cmTC_be059
/usr/bin/cmake -E cmake_link_script CMakeFiles/cmTC_be059.dir/link.txt --verbose=1
/usr/bin/gfortran       CMakeFiles/cmTC_be059.dir/testFortranCompiler.f.o  -o cmTC_be059  
make[1]: Leaving directory '/home/munna/dune/dune-2.6.0/dune-fem1d/build-cmake/CMakeFiles/CMakeTmp'


Detecting Fortran compiler ABI info compiled with the following output:
Change Dir: /home/munna/dune/dune-2.6.0/dune-fem1d/build-cmake/CMakeFiles/CMakeTmp

Run Build Command:"/usr/bin/make" "cmTC_53742/fast"
/usr/bin/make -f CMakeFiles/cmTC_53742.dir/build.make CMakeFiles/cmTC_53742.dir/build
make[1]: Entering directory '/home/munna/dune/dune-2.6.0/dune-fem1d/build-cmake/CMakeFiles/CMakeTmp'
Building Fortran object CMakeFiles/cmTC_53742.dir/CMakeFortranCompilerABI.F.o
/usr/bin/gfortran     -c /usr/share/cmake-3.5/Modules/CMakeFortranCompilerABI.F -o CMakeFiles/cmTC_53742.dir/CMakeFortranCompilerABI.F.o
Linking Fortran executable cmTC_53742
/usr/bin/cmake -E cmake_link_script CMakeFiles/cmTC_53742.dir/link.txt --verbose=1
/usr/bin/gfortran    -v   CMakeFiles/cmTC_53742.dir/CMakeFortranCompilerABI.F.o  -o cmTC_53742   
Driving: /usr/bin/gfortran -v CMakeFiles/cmTC_53742.dir/CMakeFortranCompilerABI.F.o -o cmTC_53742 -l gfortran -l m -shared-libgcc
Using built-in specs.
COLLECT_GCC=/usr/bin/gfortran
COLLECT_LTO_WRAPPER=/usr/lib/gcc/x86_64-linux-gnu/5/lto-wrapper
Target: x86_64-linux-gnu
Configured with: ../src/configure -v --with-pkgversion='Ubuntu 5.4.0-6ubuntu1~16.04.10' --with-bugurl=file:///usr/share/doc/gcc-5/README.Bugs --enable-languages=c,ada,c++,java,go,d,fortran,objc,obj-c++ --prefix=/usr --program-suffix=-5 --enable-shared --enable-linker-build-id --libexecdir=/usr/lib --without-included-gettext --enable-threads=posix --libdir=/usr/lib --enable-nls --with-sysroot=/ --enable-clocale=gnu --enable-libstdcxx-debug --enable-libstdcxx-time=yes --with-default-libstdcxx-abi=new --enable-gnu-unique-object --disable-vtable-verify --enable-libmpx --enable-plugin --with-system-zlib --disable-browser-plugin --enable-java-awt=gtk --enable-gtk-cairo --with-java-home=/usr/lib/jvm/java-1.5.0-gcj-5-amd64/jre --enable-java-home --with-jvm-root-dir=/usr/lib/jvm/java-1.5.0-gcj-5-amd64 --with-jvm-jar-dir=/usr/lib/jvm-exports/java-1.5.0-gcj-5-amd64 --with-arch-directory=amd64 --with-ecj-jar=/usr/share/java/eclipse-ecj.jar --enable-objc-gc --enable-multiarch --disable-werror --with-arch-32=i686 --with-abi=m64 --with-multilib-list=m32,m64,mx32 --enable-multilib --with-tune=generic --enable-checking=release --build=x86_64-linux-gnu --host=x86_64-linux-gnu --target=x86_64-linux-gnu
Thread model: posix
gcc version 5.4.0 20160609 (Ubuntu 5.4.0-6ubuntu1~16.04.10) 
Reading specs from /usr/lib/gcc/x86_64-linux-gnu/5/libgfortran.spec
rename spec lib to liborig
COLLECT_GCC_OPTIONS='-v' '-o' 'cmTC_53742' '-shared-libgcc' '-mtune=generic' '-march=x86-64'
COMPILER_PATH=/usr/lib/gcc/x86_64-linux-gnu/5/:/usr/lib/gcc/x86_64-linux-gnu/5/:/usr/lib/gcc/x86_64-linux-gnu/:/usr/lib/gcc/x86_64-linux-gnu/5/:/usr/lib/gcc/x86_64-linux-gnu/
LIBRARY_PATH=/usr/lib/gcc/x86_64-linux-gnu/5/:/usr/lib/gcc/x86_64-linux-gnu/5/../../../x86_64-linux-gnu/:/usr/lib/gcc/x86_64-linux-gnu/5/../../../../lib/:/lib/x86_64-linux-gnu/:/lib/../lib/:/usr/lib/x86_64-linux-gnu/:/usr/lib/../lib/:/usr/lib/gcc/x86_64-linux-gnu/5/../../../:/lib/:/usr/lib/
COLLECT_GCC_OPTIONS='-v' '-o' 'cmTC_53742' '-shared-libgcc' '-mtune=generic' '-march=x86-64'
 /usr/lib/gcc/x86_64-linux-gnu/5/collect2 -plugin /usr/lib/gcc/x86_64-linux-gnu/5/liblto_plugin.so -plugin-opt=/usr/lib/gcc/x86_64-linux-gnu/5/lto-wrapper -plugin-opt=-fresolution=/tmp/ccmbVwJe.res -plugin-opt=-pass-through=-lgcc_s -plugin-opt=-pass-through=-lgcc -plugin-opt=-pass-through=-lquadmath -plugin-opt=-pass-through=-lm -plugin-opt=-pass-through=-lgcc_s -plugin-opt=-pass-through=-lgcc -plugin-opt=-pass-through=-lc -plugin-opt=-pass-through=-lgcc_s -plugin-opt=-pass-through=-lgcc --sysroot=/ --build-id --eh-frame-hdr -m elf_x86_64 --hash-style=gnu --as-needed -dynamic-linker /lib64/ld-linux-x86-64.so.2 -z relro -o cmTC_53742 /usr/lib/gcc/x86_64-linux-gnu/5/../../../x86_64-linux-gnu/crt1.o /usr/lib/gcc/x86_64-linux-gnu/5/../../../x86_64-linux-gnu/crti.o /usr/lib/gcc/x86_64-linux-gnu/5/crtbegin.o -L/usr/lib/gcc/x86_64-linux-gnu/5 -L/usr/lib/gcc/x86_64-linux-gnu/5/../../../x86_64-linux-gnu -L/usr/lib/gcc/x86_64-linux-gnu/5/../../../../lib -L/lib/x86_64-linux-gnu -L/lib/../lib -L/usr/lib/x86_64-linux-gnu -L/usr/lib/../lib -L/usr/lib/gcc/x86_64-linux-gnu/5/../../.. CMakeFiles/cmTC_53742.dir/CMakeFortranCompilerABI.F.o -lgfortran -lm -lgcc_s -lgcc -lquadmath -lm -lgcc_s -lgcc -lc -lgcc_s -lgcc /usr/lib/gcc/x86_64-linux-gnu/5/crtend.o /usr/lib/gcc/x86_64-linux-gnu/5/../../../x86_64-linux-gnu/crtn.o
make[1]: Leaving directory '/home/munna/dune/dune-2.6.0/dune-fem1d/build-cmake/CMakeFiles/CMakeTmp'


Parsed Fortran implicit link information from above output:
  link line regex: [^( *|.*[/\])(ld|([^/\]+-)?ld|collect2)[^/\]*( |$)]
  ignore line: [Change Dir: /home/munna/dune/dune-2.6.0/dune-fem1d/build-cmake/CMakeFiles/CMakeTmp]
  ignore line: []
  ignore line: [Run Build Command:"/usr/bin/make" "cmTC_53742/fast"]
  ignore line: [/usr/bin/make -f CMakeFiles/cmTC_53742.dir/build.make CMakeFiles/cmTC_53742.dir/build]
  ignore line: [make[1]: Entering directory '/home/munna/dune/dune-2.6.0/dune-fem1d/build-cmake/CMakeFiles/CMakeTmp']
  ignore line: [Building Fortran object CMakeFiles/cmTC_53742.dir/CMakeFortranCompilerABI.F.o]
  ignore line: [/usr/bin/gfortran     -c /usr/share/cmake-3.5/Modules/CMakeFortranCompilerABI.F -o CMakeFiles/cmTC_53742.dir/CMakeFortranCompilerABI.F.o]
  ignore line: [Linking Fortran executable cmTC_53742]
  ignore line: [/usr/bin/cmake -E cmake_link_script CMakeFiles/cmTC_53742.dir/link.txt --verbose=1]
  ignore line: [/usr/bin/gfortran    -v   CMakeFiles/cmTC_53742.dir/CMakeFortranCompilerABI.F.o  -o cmTC_53742   ]
  ignore line: [Driving: /usr/bin/gfortran -v CMakeFiles/cmTC_53742.dir/CMakeFortranCompilerABI.F.o -o cmTC_53742 -l gfortran -l m -shared-libgcc]
  ignore line: [Using built-in specs.]
  ignore line: [COLLECT_GCC=/usr/bin/gfortran]
  ignore line: [COLLECT_LTO_WRAPPER=/usr/lib/gcc/x86_64-linux-gnu/5/lto-wrapper]
  ignore line: [Target: x86_64-linux-gnu]
  ignore line: [Configured with: ../src/configure -v --with-pkgversion='Ubuntu 5.4.0-6ubuntu1~16.04.10' --with-bugurl=file:///usr/share/doc/gcc-5/README.Bugs --enable-languages=c,ada,c++,java,go,d,fortran,objc,obj-c++ --prefix=/usr --program-suffix=-5 --enable-shared --enable-linker-build-id --libexecdir=/usr/lib --without-included-gettext --enable-threads=posix --libdir=/usr/lib --enable-nls --with-sysroot=/ --enable-clocale=gnu --enable-libstdcxx-debug --enable-libstdcxx-time=yes --with-default-libstdcxx-abi=new --enable-gnu-unique-object --disable-vtable-verify --enable-libmpx --enable-plugin --with-system-zlib --disable-browser-plugin --enable-java-awt=gtk --enable-gtk-cairo --with-java-home=/usr/lib/jvm/java-1.5.0-gcj-5-amd64/jre --enable-java-home --with-jvm-root-dir=/usr/lib/jvm/java-1.5.0-gcj-5-amd64 --with-jvm-jar-dir=/usr/lib/jvm-exports/java-1.5.0-gcj-5-amd64 --with-arch-directory=amd64 --with-ecj-jar=/usr/share/java/eclipse-ecj.jar --enable-objc-gc --enable-multiarch --disable-werror --with-arch-32=i686 --with-abi=m64 --with-multilib-list=m32,m64,mx32 --enable-multilib --with-tune=generic --enable-checking=release --build=x86_64-linux-gnu --host=x86_64-linux-gnu --target=x86_64-linux-gnu]
  ignore line: [Thread model: posix]
  ignore line: [gcc version 5.4.0 20160609 (Ubuntu 5.4.0-6ubuntu1~16.04.10) ]
  ignore line: [Reading specs from /usr/lib/gcc/x86_64-linux-gnu/5/libgfortran.spec]
  ignore line: [rename spec lib to liborig]
  ignore line: [COLLECT_GCC_OPTIONS='-v' '-o' 'cmTC_53742' '-shared-libgcc' '-mtune=generic' '-march=x86-64']
  ignore line: [COMPILER_PATH=/usr/lib/gcc/x86_64-linux-gnu/5/:/usr/lib/gcc/x86_64-linux-gnu/5/:/usr/lib/gcc/x86_64-linux-gnu/:/usr/lib/gcc/x86_64-linux-gnu/5/:/usr/lib/gcc/x86_64-linux-gnu/]
  ignore line: [LIBRARY_PATH=/usr/lib/gcc/x86_64-linux-gnu/5/:/usr/lib/gcc/x86_64-linux-gnu/5/../../../x86_64-linux-gnu/:/usr/lib/gcc/x86_64-linux-gnu/5/../../../../lib/:/lib/x86_64-linux-gnu/:/lib/../lib/:/usr/lib/x86_64-linux-gnu/:/usr/lib/../lib/:/usr/lib/gcc/x86_64-linux-gnu/5/../../../:/lib/:/usr/lib/]
  ignore line: [COLLECT_GCC_OPTIONS='-v' '-o' 'cmTC_53742' '-shared-libgcc' '-mtune=generic' '-march=x86-64']
  link line: [ /usr/lib/gcc/x86_64-linux-gnu/5/collect2 -plugin /usr/lib/gcc/x86_64-linux-gnu/5/liblto_plugin.so -plugin-opt=/usr/lib/gcc/x86_64-linux-gnu/5/lto-wrapper -plugin-opt=-fresolution=/tmp/ccmbVwJe.res -plugin-opt=-pass-through=-lgcc_s -plugin-opt=-pass-through=-lgcc -plugin-opt=-pass-through=-lquadmath -plugin-opt=-pass-through=-lm -plugin-opt=-pass-through=-lgcc_s -plugin-opt=-pass-through=-lgcc -plugin-opt=-pass-through=-lc -plugin-opt=-pass-through=-lgcc_s -plugin-opt=-pass-through=-lgcc --sysroot=/ --build-id --eh-frame-hdr -m elf_x86_64 --hash-style=gnu --as-needed -dynamic-linker /lib64/ld-linux-x86-64.so.2 -z relro -o cmTC_53742 /usr/lib/gcc/x86_64-linux-gnu/5/../../../x86_64-linux-gnu/crt1.o /usr/lib/gcc/x86_64-linux-gnu/5/../../../x86_64-linux-gnu/crti.o /usr/lib/gcc/x86_64-linux-gnu/5/crtbegin.o -L/usr/lib/gcc/x86_64-linux-gnu/5 -L/usr/lib/gcc/x86_64-linux-gnu/5/../../../x86_64-linux-gnu -L/usr/lib/gcc/x86_64-linux-gnu/5/../../../../lib -L/lib/x86_64-linux-gnu -L/lib/../lib -L/usr/lib/x86_64-linux-gnu -L/usr/lib/../lib -L/usr/lib/gcc/x86_64-linux-gnu/5/../../.. CMakeFiles/cmTC_53742.dir/CMakeFortranCompilerABI.F.o -lgfortran -lm -lgcc_s -lgcc -lquadmath -lm -lgcc_s -lgcc -lc -lgcc_s -lgcc /usr/lib/gcc/x86_64-linux-gnu/5/crtend.o /usr/lib/gcc/x86_64-linux-gnu/5/../../../x86_64-linux-gnu/crtn.o]
    arg [/usr/lib/gcc/x86_64-linux-gnu/5/collect2] ==> ignore
    arg [-plugin] ==> ignore
    arg [/usr/lib/gcc/x86_64-linux-gnu/5/liblto_plugin.so] ==> ignore
    arg [-plugin-opt=/usr/lib/gcc/x86_64-linux-gnu/5/lto-wrapper] ==> ignore
    arg [-plugin-opt=-fresolution=/tmp/ccmbVwJe.res] ==> ignore
    arg [-plugin-opt=-pass-through=-lgcc_s] ==> ignore
    arg [-plugin-opt=-pass-through=-lgcc] ==> ignore
    arg [-plugin-opt=-pass-through=-lquadmath] ==> ignore
    arg [-plugin-opt=-pass-through=-lm] ==> ignore
    arg [-plugin-opt=-pass-through=-lgcc_s] ==> ignore
    arg [-plugin-opt=-pass-through=-lgcc] ==> ignore
    arg [-plugin-opt=-pass-through=-lc] ==> ignore
    arg [-plugin-opt=-pass-through=-lgcc_s] ==> ignore
    arg [-plugin-opt=-pass-through=-lgcc] ==> ignore
    arg [--sysroot=/] ==> ignore
    arg [--build-id] ==> ignore
    arg [--eh-frame-hdr] ==> ignore
    arg [-m] ==> ignore
    arg [elf_x86_64] ==> ignore
    arg [--hash-style=gnu] ==> ignore
    arg [--as-needed] ==> ignore
    arg [-dynamic-linker] ==> ignore
    arg [/lib64/ld-linux-x86-64.so.2] ==> ignore
    arg [-zrelro] ==> ignore
    arg [-o] ==> ignore
    arg [cmTC_53742] ==> ignore
    arg [/usr/lib/gcc/x86_64-linux-gnu/5/../../../x86_64-linux-gnu/crt1.o] ==> ignore
    arg [/usr/lib/gcc/x86_64-linux-gnu/5/../../../x86_64-linux-gnu/crti.o] ==> ignore
    arg [/usr/lib/gcc/x86_64-linux-gnu/5/crtbegin.o] ==> ignore
    arg [-L/usr/lib/gcc/x86_64-linux-gnu/5] ==> dir [/usr/lib/gcc/x86_64-linux-gnu/5]
    arg [-L/usr/lib/gcc/x86_64-linux-gnu/5/../../../x86_64-linux-gnu] ==> dir [/usr/lib/gcc/x86_64-linux-gnu/5/../../../x86_64-linux-gnu]
    arg [-L/usr/lib/gcc/x86_64-linux-gnu/5/../../../../lib] ==> dir [/usr/lib/gcc/x86_64-linux-gnu/5/../../../../lib]
    arg [-L/lib/x86_64-linux-gnu] ==> dir [/lib/x86_64-linux-gnu]
    arg [-L/lib/../lib] ==> dir [/lib/../lib]
    arg [-L/usr/lib/x86_64-linux-gnu] ==> dir [/usr/lib/x86_64-linux-gnu]
    arg [-L/usr/lib/../lib] ==> dir [/usr/lib/../lib]
    arg [-L/usr/lib/gcc/x86_64-linux-gnu/5/../../..] ==> dir [/usr/lib/gcc/x86_64-linux-gnu/5/../../..]
    arg [CMakeFiles/cmTC_53742.dir/CMakeFortranCompilerABI.F.o] ==> ignore
    arg [-lgfortran] ==> lib [gfortran]
    arg [-lm] ==> lib [m]
    arg [-lgcc_s] ==> lib [gcc_s]
    arg [-lgcc] ==> lib [gcc]
    arg [-lquadmath] ==> lib [quadmath]
    arg [-lm] ==> lib [m]
    arg [-lgcc_s] ==> lib [gcc_s]
    arg [-lgcc] ==> lib [gcc]
    arg [-lc] ==> lib [c]
    arg [-lgcc_s] ==> lib [gcc_s]
    arg [-lgcc] ==> lib [gcc]
    arg [/usr/lib/gcc/x86_64-linux-gnu/5/crtend.o] ==> ignore
    arg [/usr/lib/gcc/x86_64-linux-gnu/5/../../../x86_64-linux-gnu/crtn.o] ==> ignore
  remove lib [gcc_s]
  remove lib [gcc]
  remove lib [gcc_s]
  remove lib [gcc]
  remove lib [gcc_s]
  remove lib [gcc]
  collapse library dir [/usr/lib/gcc/x86_64-linux-gnu/5] ==> [/usr/lib/gcc/x86_64-linux-gnu/5]
  collapse library dir [/usr/lib/gcc/x86_64-linux-gnu/5/../../../x86_64-linux-gnu] ==> [/usr/lib/x86_64-linux-gnu]
  collapse library dir [/usr/lib/gcc/x86_64-linux-gnu/5/../../../../lib] ==> [/usr/lib]
  collapse library dir [/lib/x86_64-linux-gnu] ==> [/lib/x86_64-linux-gnu]
  collapse library dir [/lib/../lib] ==> [/lib]
  collapse library dir [/usr/lib/x86_64-linux-gnu] ==> [/usr/lib/x86_64-linux-gnu]
  collapse library dir [/usr/lib/../lib] ==> [/usr/lib]
  collapse library dir [/usr/lib/gcc/x86_64-linux-gnu/5/../../..] ==> [/usr/lib]
  implicit libs: [gfortran;m;quadmath;m;c]
  implicit dirs: [/usr/lib/gcc/x86_64-linux-gnu/5;/usr/lib/x86_64-linux-gnu;/usr/lib;/lib/x86_64-linux-gnu;/lib]
  implicit fwks: []


Determining if the Fortran compiler supports Fortran 90 passed with the following output:
Change Dir: /home/munna/dune/dune-2.6.0/dune-fem1d/build-cmake/CMakeFiles/CMakeTmp

Run Build Command:"/usr/bin/make" "cmTC_a1d85/fast"
/usr/bin/make -f CMakeFiles/cmTC_a1d85.dir/build.make CMakeFiles/cmTC_a1d85.dir/build
make[1]: Entering directory '/home/munna/dune/dune-2.6.0/dune-fem1d/build-cmake/CMakeFiles/CMakeTmp'
Building Fortran object CMakeFiles/cmTC_a1d85.dir/testFortranCompilerF90.f90.o
/usr/bin/gfortran     -c /home/munna/dune/dune-2.6.0/dune-fem1d/build-cmake/CMakeFiles/CMakeTmp/testFortranCompilerF90.f90 -o CMakeFiles/cmTC_a1d85.dir/testFortranCompilerF90.f90.o
Linking Fortran executable cmTC_a1d85
/usr/bin/cmake -E cmake_link_script CMakeFiles/cmTC_a1d85.dir/link.txt --verbose=1
/usr/bin/gfortran       CMakeFiles/cmTC_a1d85.dir/testFortranCompilerF90.f90.o  -o cmTC_a1d85  
make[1]: Leaving directory '/home/munna/dune/dune-2.6.0/dune-fem1d/build-cmake/CMakeFiles/CMakeTmp'


Performing C++ SOURCE FILE Test cxx_std_flag_17 succeeded with the following output:
Change Dir: /home/munna/dune/dune-2.6.0/dune-fem1d/build-cmake/CMakeFiles/CMakeTmp

Run Build Command:"/usr/bin/make" "cmTC_b876f/fast"
/usr/bin/make -f CMakeFiles/cmTC_b876f.dir/build.make CMakeFiles/cmTC_b876f.dir/build
make[1]: Entering directory '/home/munna/dune/dune-2.6.0/dune-fem1d/build-cmake/CMakeFiles/CMakeTmp'
Building CXX object CMakeFiles/cmTC_b876f.dir/src.cxx.o
/usr/bin/c++     -DNDEBUG -O3 -ffast-math -Dcxx_std_flag_17 -fPIE   -std=c++17 -o CMakeFiles/cmTC_b876f.dir/src.cxx.o -c /home/munna/dune/dune-2.6.0/dune-fem1d/build-cmake/CMakeFiles/CMakeTmp/src.cxx
Linking CXX executable cmTC_b876f
/usr/bin/cmake -E cmake_link_script CMakeFiles/cmTC_b876f.dir/link.txt --verbose=1
/usr/bin/c++   -DNDEBUG -O3 -ffast-math -Dcxx_std_flag_17    CMakeFiles/cmTC_b876f.dir/src.cxx.o  -o cmTC_b876f -rdynamic 
make[1]: Leaving directory '/home/munna/dune/dune-2.6.0/dune-fem1d/build-cmake/CMakeFiles/CMakeTmp'

Source file was:
int main() { return 0; }
Performing C++ SOURCE FILE Test cxx_std_flag_14 succeeded with the following output:
Change Dir: /home/munna/dune/dune-2.6.0/dune-fem1d/build-cmake/CMakeFiles/CMakeTmp

Run Build Command:"/usr/bin/make" "cmTC_4cbba/fast"
/usr/bin/make -f CMakeFiles/cmTC_4cbba.dir/build.make CMakeFiles/cmTC_4cbba.dir/build
make[1]: Entering directory '/home/munna/dune/dune-2.6.0/dune-fem1d/build-cmake/CMakeFiles/CMakeTmp'
Building CXX object CMakeFiles/cmTC_4cbba.dir/src.cxx.o
/usr/bin/c++     -DNDEBUG -O3 -ffast-math -Dcxx_std_flag_14 -fPIE   -std=c++14 -o CMakeFiles/cmTC_4cbba.dir/src.cxx.o -c /home/munna/dune/dune-2.6.0/dune-fem1d/build-cmake/CMakeFiles/CMakeTmp/src.cxx
Linking CXX executable cmTC_4cbba
/usr/bin/cmake -E cmake_link_script CMakeFiles/cmTC_4cbba.dir/link.txt --verbose=1
/usr/bin/c++   -DNDEBUG -O3 -ffast-math -Dcxx_std_flag_14    CMakeFiles/cmTC_4cbba.dir/src.cxx.o  -o cmTC_4cbba -rdynamic 
make[1]: Leaving directory '/home/munna/dune/dune-2.6.0/dune-fem1d/build-cmake/CMakeFiles/CMakeTmp'

Source file was:
int main() { return 0; }
Performing C++ SOURCE FILE Test compiler_supports_cxx14 succeeded with the following output:
Change Dir: /home/munna/dune/dune-2.6.0/dune-fem1d/build-cmake/CMakeFiles/CMakeTmp

Run Build Command:"/usr/bin/make" "cmTC_79b92/fast"
/usr/bin/make -f CMakeFiles/cmTC_79b92.dir/build.make CMakeFiles/cmTC_79b92.dir/build
make[1]: Entering directory '/home/munna/dune/dune-2.6.0/dune-fem1d/build-cmake/CMakeFiles/CMakeTmp'
Building CXX object CMakeFiles/cmTC_79b92.dir/src.cxx.o
/usr/bin/c++     -DNDEBUG -O3 -ffast-math -Dcompiler_supports_cxx14  -std=c++14 -fPIE   -o CMakeFiles/cmTC_79b92.dir/src.cxx.o -c /home/munna/dune/dune-2.6.0/dune-fem1d/build-cmake/CMakeFiles/CMakeTmp/src.cxx
Linking CXX executable cmTC_79b92
/usr/bin/cmake -E cmake_link_script CMakeFiles/cmTC_79b92.dir/link.txt --verbose=1
/usr/bin/c++   -DNDEBUG -O3 -ffast-math -Dcompiler_supports_cxx14  -std=c++14    CMakeFiles/cmTC_79b92.dir/src.cxx.o  -o cmTC_79b92 -rdynamic 
make[1]: Leaving directory '/home/munna/dune/dune-2.6.0/dune-fem1d/build-cmake/CMakeFiles/CMakeTmp'

Source file was:

  #include <memory>

  constexpr auto f(int i)
  {
    if (i > 0)
      return i;
    else
      return -i;
  }

  int main() {
    // lambdas with auto parameters are C++14 - so this checks the compiler
    auto l = [](auto x) { return x; };
    static_assert(f(4) == f(-4),"");
    // std::make_unique() is a C++14 library feature - this checks whether the
    // compiler uses a C++14 compliant library.
    auto v = std::make_unique<int>(l(0));
    return *v;
  }
  
Performing C++ SOURCE FILE Test HAS_ATTRIBUTE_UNUSED succeeded with the following output:
Change Dir: /home/munna/dune/dune-2.6.0/dune-fem1d/build-cmake/CMakeFiles/CMakeTmp

Run Build Command:"/usr/bin/make" "cmTC_007ba/fast"
/usr/bin/make -f CMakeFiles/cmTC_007ba.dir/build.make CMakeFiles/cmTC_007ba.dir/build
make[1]: Entering directory '/home/munna/dune/dune-2.6.0/dune-fem1d/build-cmake/CMakeFiles/CMakeTmp'
Building CXX object CMakeFiles/cmTC_007ba.dir/src.cxx.o
/usr/bin/c++     -std=c++14 -DNDEBUG -O3 -ffast-math -DHAS_ATTRIBUTE_UNUSED -fPIE   -o CMakeFiles/cmTC_007ba.dir/src.cxx.o -c /home/munna/dune/dune-2.6.0/dune-fem1d/build-cmake/CMakeFiles/CMakeTmp/src.cxx
Linking CXX executable cmTC_007ba
/usr/bin/cmake -E cmake_link_script CMakeFiles/cmTC_007ba.dir/link.txt --verbose=1
/usr/bin/c++   -std=c++14 -DNDEBUG -O3 -ffast-math -DHAS_ATTRIBUTE_UNUSED    CMakeFiles/cmTC_007ba.dir/src.cxx.o  -o cmTC_007ba -rdynamic 
make[1]: Leaving directory '/home/munna/dune/dune-2.6.0/dune-fem1d/build-cmake/CMakeFiles/CMakeTmp'

Source file was:

   int main(void)
   {
     int __attribute__((unused)) foo;
     return 0;
   };

Performing C++ SOURCE FILE Test HAS_ATTRIBUTE_DEPRECATED succeeded with the following output:
Change Dir: /home/munna/dune/dune-2.6.0/dune-fem1d/build-cmake/CMakeFiles/CMakeTmp

Run Build Command:"/usr/bin/make" "cmTC_4ad28/fast"
/usr/bin/make -f CMakeFiles/cmTC_4ad28.dir/build.make CMakeFiles/cmTC_4ad28.dir/build
make[1]: Entering directory '/home/munna/dune/dune-2.6.0/dune-fem1d/build-cmake/CMakeFiles/CMakeTmp'
Building CXX object CMakeFiles/cmTC_4ad28.dir/src.cxx.o
/usr/bin/c++     -std=c++14 -DNDEBUG -O3 -ffast-math -DHAS_ATTRIBUTE_DEPRECATED -fPIE   -o CMakeFiles/cmTC_4ad28.dir/src.cxx.o -c /home/munna/dune/dune-2.6.0/dune-fem1d/build-cmake/CMakeFiles/CMakeTmp/src.cxx
Linking CXX executable cmTC_4ad28
/usr/bin/cmake -E cmake_link_script CMakeFiles/cmTC_4ad28.dir/link.txt --verbose=1
/usr/bin/c++   -std=c++14 -DNDEBUG -O3 -ffast-math -DHAS_ATTRIBUTE_DEPRECATED    CMakeFiles/cmTC_4ad28.dir/src.cxx.o  -o cmTC_4ad28 -rdynamic 
make[1]: Leaving directory '/home/munna/dune/dune-2.6.0/dune-fem1d/build-cmake/CMakeFiles/CMakeTmp'

Source file was:

#define DEP __attribute__((deprecated))
   class bar
   {
     bar() DEP;
   };

   class peng { } DEP;

   template <class T>
   class t_bar
   {
     t_bar() DEP;
   };

   template <class T>
   class t_peng {
     t_peng() {};
   } DEP;

   void foo() DEP;

   void foo() {}

   int main(void)
   {
     return 0;
   };

Performing C++ SOURCE FILE Test HAS_ATTRIBUTE_DEPRECATED_MSG succeeded with the following output:
Change Dir: /home/munna/dune/dune-2.6.0/dune-fem1d/build-cmake/CMakeFiles/CMakeTmp

Run Build Command:"/usr/bin/make" "cmTC_5e128/fast"
/usr/bin/make -f CMakeFiles/cmTC_5e128.dir/build.make CMakeFiles/cmTC_5e128.dir/build
make[1]: Entering directory '/home/munna/dune/dune-2.6.0/dune-fem1d/build-cmake/CMakeFiles/CMakeTmp'
Building CXX object CMakeFiles/cmTC_5e128.dir/src.cxx.o
/usr/bin/c++     -std=c++14 -DNDEBUG -O3 -ffast-math -DHAS_ATTRIBUTE_DEPRECATED_MSG -fPIE   -o CMakeFiles/cmTC_5e128.dir/src.cxx.o -c /home/munna/dune/dune-2.6.0/dune-fem1d/build-cmake/CMakeFiles/CMakeTmp/src.cxx
Linking CXX executable cmTC_5e128
/usr/bin/cmake -E cmake_link_script CMakeFiles/cmTC_5e128.dir/link.txt --verbose=1
/usr/bin/c++   -std=c++14 -DNDEBUG -O3 -ffast-math -DHAS_ATTRIBUTE_DEPRECATED_MSG    CMakeFiles/cmTC_5e128.dir/src.cxx.o  -o cmTC_5e128 -rdynamic 
make[1]: Leaving directory '/home/munna/dune/dune-2.6.0/dune-fem1d/build-cmake/CMakeFiles/CMakeTmp'

Source file was:

#define DEP __attribute__((deprecated("message")))
   class bar {
     bar() DEP;
   };

   class peng { } DEP;

   template <class T>
   class t_bar
   {
     t_bar() DEP;
   };

   template <class T>
   class t_peng
   {
     t_peng() {};
   } DEP;

   void foo() DEP;

   void foo() {}

   int main(void)
   {
     return 0;
   };

Performing C++ SOURCE FILE Test HAVE_IS_INDEXABLE_SUPPORT succeeded with the following output:
Change Dir: /home/munna/dune/dune-2.6.0/dune-fem1d/build-cmake/CMakeFiles/CMakeTmp

Run Build Command:"/usr/bin/make" "cmTC_169e0/fast"
/usr/bin/make -f CMakeFiles/cmTC_169e0.dir/build.make CMakeFiles/cmTC_169e0.dir/build
make[1]: Entering directory '/home/munna/dune/dune-2.6.0/dune-fem1d/build-cmake/CMakeFiles/CMakeTmp'
Building CXX object CMakeFiles/cmTC_169e0.dir/src.cxx.o
/usr/bin/c++     -std=c++14 -DNDEBUG -O3 -ffast-math -DHAVE_IS_INDEXABLE_SUPPORT -fPIE   -o CMakeFiles/cmTC_169e0.dir/src.cxx.o -c /home/munna/dune/dune-2.6.0/dune-fem1d/build-cmake/CMakeFiles/CMakeTmp/src.cxx
Linking CXX executable cmTC_169e0
/usr/bin/cmake -E cmake_link_script CMakeFiles/cmTC_169e0.dir/link.txt --verbose=1
/usr/bin/c++   -std=c++14 -DNDEBUG -O3 -ffast-math -DHAVE_IS_INDEXABLE_SUPPORT    CMakeFiles/cmTC_169e0.dir/src.cxx.o  -o cmTC_169e0 -rdynamic 
make[1]: Leaving directory '/home/munna/dune/dune-2.6.0/dune-fem1d/build-cmake/CMakeFiles/CMakeTmp'

Source file was:

  #include <utility>
  #include <type_traits>
  #include <array>

  template <class T>
  typename std::add_rvalue_reference<T>::type declval();

  namespace detail {

    template<typename T, typename I, typename = int>
    struct _is_indexable
      : public std::false_type
    {};

    template<typename T, typename I>
    struct _is_indexable<T,I,typename std::enable_if<(sizeof(declval<T>()[declval<I>()]) > 0),int>::type>
      : public std::true_type
    {};

  }

  template<typename T, typename I = std::size_t>
  struct is_indexable
    : public detail::_is_indexable<T,I>
  {};

  struct foo_type {};

  int main()
  {
    double x;
    std::array<double,4> y;
    double z[5];
    foo_type f;

    static_assert(not is_indexable<decltype(x)>::value,"scalar type");
    static_assert(is_indexable<decltype(y)>::value,"indexable class");
    static_assert(is_indexable<decltype(z)>::value,"array");
    static_assert(not is_indexable<decltype(f)>::value,"not indexable class");
    static_assert(not is_indexable<decltype(y),foo_type>::value,"custom index type");

    return 0;
  }

Determining if the include file pthread.h exists passed with the following output:
Change Dir: /home/munna/dune/dune-2.6.0/dune-fem1d/build-cmake/CMakeFiles/CMakeTmp

Run Build Command:"/usr/bin/make" "cmTC_7a4bc/fast"
/usr/bin/make -f CMakeFiles/cmTC_7a4bc.dir/build.make CMakeFiles/cmTC_7a4bc.dir/build
make[1]: Entering directory '/home/munna/dune/dune-2.6.0/dune-fem1d/build-cmake/CMakeFiles/CMakeTmp'
Building C object CMakeFiles/cmTC_7a4bc.dir/CheckIncludeFile.c.o
/usr/bin/cc    -fPIE   -o CMakeFiles/cmTC_7a4bc.dir/CheckIncludeFile.c.o   -c /home/munna/dune/dune-2.6.0/dune-fem1d/build-cmake/CMakeFiles/CMakeTmp/CheckIncludeFile.c
Linking C executable cmTC_7a4bc
/usr/bin/cmake -E cmake_link_script CMakeFiles/cmTC_7a4bc.dir/link.txt --verbose=1
/usr/bin/cc       CMakeFiles/cmTC_7a4bc.dir/CheckIncludeFile.c.o  -o cmTC_7a4bc -rdynamic 
make[1]: Leaving directory '/home/munna/dune/dune-2.6.0/dune-fem1d/build-cmake/CMakeFiles/CMakeTmp'


Performing C++ SOURCE FILE Test STDTHREAD_WORKS succeeded with the following output:
Change Dir: /home/munna/dune/dune-2.6.0/dune-fem1d/build-cmake/CMakeFiles/CMakeTmp

Run Build Command:"/usr/bin/make" "cmTC_7e569/fast"
/usr/bin/make -f CMakeFiles/cmTC_7e569.dir/build.make CMakeFiles/cmTC_7e569.dir/build
make[1]: Entering directory '/home/munna/dune/dune-2.6.0/dune-fem1d/build-cmake/CMakeFiles/CMakeTmp'
Building CXX object CMakeFiles/cmTC_7e569.dir/src.cxx.o
/usr/bin/c++     -std=c++14 -DNDEBUG -O3 -ffast-math -DSTDTHREAD_WORKS -fPIE   -o CMakeFiles/cmTC_7e569.dir/src.cxx.o -c /home/munna/dune/dune-2.6.0/dune-fem1d/build-cmake/CMakeFiles/CMakeTmp/src.cxx
Linking CXX executable cmTC_7e569
/usr/bin/cmake -E cmake_link_script CMakeFiles/cmTC_7e569.dir/link.txt --verbose=1
/usr/bin/c++   -std=c++14 -DNDEBUG -O3 -ffast-math -DSTDTHREAD_WORKS    CMakeFiles/cmTC_7e569.dir/src.cxx.o  -o cmTC_7e569 -rdynamic -Wl,-no-as-needed -pthread 
make[1]: Leaving directory '/home/munna/dune/dune-2.6.0/dune-fem1d/build-cmake/CMakeFiles/CMakeTmp'

Return value: 1
Source file was:

      #include <thread>

      void dummy() {}

      int main() {
        std::thread t(dummy);
        t.join();
      }
    
Determining if the include file experimental/type_traits exists passed with the following output:
Change Dir: /home/munna/dune/dune-2.6.0/dune-fem1d/build-cmake/CMakeFiles/CMakeTmp

Run Build Command:"/usr/bin/make" "cmTC_e04ae/fast"
/usr/bin/make -f CMakeFiles/cmTC_e04ae.dir/build.make CMakeFiles/cmTC_e04ae.dir/build
make[1]: Entering directory '/home/munna/dune/dune-2.6.0/dune-fem1d/build-cmake/CMakeFiles/CMakeTmp'
Building CXX object CMakeFiles/cmTC_e04ae.dir/CheckIncludeFile.cxx.o
/usr/bin/c++     -std=c++14 -DNDEBUG -O3 -ffast-math  -fPIE   -o CMakeFiles/cmTC_e04ae.dir/CheckIncludeFile.cxx.o -c /home/munna/dune/dune-2.6.0/dune-fem1d/build-cmake/CMakeFiles/CMakeTmp/CheckIncludeFile.cxx
Linking CXX executable cmTC_e04ae
/usr/bin/cmake -E cmake_link_script CMakeFiles/cmTC_e04ae.dir/link.txt --verbose=1
/usr/bin/c++   -std=c++14 -DNDEBUG -O3 -ffast-math     CMakeFiles/cmTC_e04ae.dir/CheckIncludeFile.cxx.o  -o cmTC_e04ae -rdynamic 
make[1]: Leaving directory '/home/munna/dune/dune-2.6.0/dune-fem1d/build-cmake/CMakeFiles/CMakeTmp'


Determining if the std::make_unique<int> exist passed with the following output:
Change Dir: /home/munna/dune/dune-2.6.0/dune-fem1d/build-cmake/CMakeFiles/CMakeTmp

Run Build Command:"/usr/bin/make" "cmTC_709f2/fast"
/usr/bin/make -f CMakeFiles/cmTC_709f2.dir/build.make CMakeFiles/cmTC_709f2.dir/build
make[1]: Entering directory '/home/munna/dune/dune-2.6.0/dune-fem1d/build-cmake/CMakeFiles/CMakeTmp'
Building CXX object CMakeFiles/cmTC_709f2.dir/CheckSymbolExists.cxx.o
/usr/bin/c++     -std=c++14 -DNDEBUG -O3 -ffast-math  -fPIE   -o CMakeFiles/cmTC_709f2.dir/CheckSymbolExists.cxx.o -c /home/munna/dune/dune-2.6.0/dune-fem1d/build-cmake/CMakeFiles/CMakeTmp/CheckSymbolExists.cxx
/home/munna/dune/dune-2.6.0/dune-fem1d/build-cmake/CMakeFiles/CMakeTmp/CheckSymbolExists.cxx:7:12: warning: extra tokens at end of #ifndef directive
 #ifndef std::make_unique<int>
            ^
Linking CXX executable cmTC_709f2
/usr/bin/cmake -E cmake_link_script CMakeFiles/cmTC_709f2.dir/link.txt --verbose=1
/usr/bin/c++   -std=c++14 -DNDEBUG -O3 -ffast-math     CMakeFiles/cmTC_709f2.dir/CheckSymbolExists.cxx.o  -o cmTC_709f2 -rdynamic 
make[1]: Leaving directory '/home/munna/dune/dune-2.6.0/dune-fem1d/build-cmake/CMakeFiles/CMakeTmp'

File /home/munna/dune/dune-2.6.0/dune-fem1d/build-cmake/CMakeFiles/CMakeTmp/CheckSymbolExists.cxx:
/* */
#include <memory>

int main(int argc, char** argv)
{
  (void)argv;
#ifndef std::make_unique<int>
  return ((int*)(&std::make_unique<int>))[argc];
#else
  (void)argc;
  return 0;
#endif
}

Determining if the std::experimental::apply<std::negate<int>,std::tuple<int>> exist passed with the following output:
Change Dir: /home/munna/dune/dune-2.6.0/dune-fem1d/build-cmake/CMakeFiles/CMakeTmp

Run Build Command:"/usr/bin/make" "cmTC_49e8b/fast"
/usr/bin/make -f CMakeFiles/cmTC_49e8b.dir/build.make CMakeFiles/cmTC_49e8b.dir/build
make[1]: Entering directory '/home/munna/dune/dune-2.6.0/dune-fem1d/build-cmake/CMakeFiles/CMakeTmp'
Building CXX object CMakeFiles/cmTC_49e8b.dir/CheckSymbolExists.cxx.o
/usr/bin/c++     -std=c++14 -DNDEBUG -O3 -ffast-math  -fPIE   -o CMakeFiles/cmTC_49e8b.dir/CheckSymbolExists.cxx.o -c /home/munna/dune/dune-2.6.0/dune-fem1d/build-cmake/CMakeFiles/CMakeTmp/CheckSymbolExists.cxx
/home/munna/dune/dune-2.6.0/dune-fem1d/build-cmake/CMakeFiles/CMakeTmp/CheckSymbolExists.cxx:8:12: warning: extra tokens at end of #ifndef directive
 #ifndef std::experimental::apply<std::negate<int>,std::tuple<int>>
            ^
Linking CXX executable cmTC_49e8b
/usr/bin/cmake -E cmake_link_script CMakeFiles/cmTC_49e8b.dir/link.txt --verbose=1
/usr/bin/c++   -std=c++14 -DNDEBUG -O3 -ffast-math     CMakeFiles/cmTC_49e8b.dir/CheckSymbolExists.cxx.o  -o cmTC_49e8b -rdynamic 
make[1]: Leaving directory '/home/munna/dune/dune-2.6.0/dune-fem1d/build-cmake/CMakeFiles/CMakeTmp'

File /home/munna/dune/dune-2.6.0/dune-fem1d/build-cmake/CMakeFiles/CMakeTmp/CheckSymbolExists.cxx:
/* */
#include <functional>
#include <experimental/tuple>

int main(int argc, char** argv)
{
  (void)argv;
#ifndef std::experimental::apply<std::negate<int>,std::tuple<int>>
  return ((int*)(&std::experimental::apply<std::negate<int>,std::tuple<int>>))[argc];
#else
  (void)argc;
  return 0;
#endif
}

Performing C++ SOURCE FILE Test HAVE_CXA_DEMANGLE succeeded with the following output:
Change Dir: /home/munna/dune/dune-2.6.0/dune-fem1d/build-cmake/CMakeFiles/CMakeTmp

Run Build Command:"/usr/bin/make" "cmTC_07925/fast"
/usr/bin/make -f CMakeFiles/cmTC_07925.dir/build.make CMakeFiles/cmTC_07925.dir/build
make[1]: Entering directory '/home/munna/dune/dune-2.6.0/dune-fem1d/build-cmake/CMakeFiles/CMakeTmp'
Building CXX object CMakeFiles/cmTC_07925.dir/src.cxx.o
/usr/bin/c++     -std=c++14 -DNDEBUG -O3 -ffast-math -DHAVE_CXA_DEMANGLE -fPIE   -o CMakeFiles/cmTC_07925.dir/src.cxx.o -c /home/munna/dune/dune-2.6.0/dune-fem1d/build-cmake/CMakeFiles/CMakeTmp/src.cxx
Linking CXX executable cmTC_07925
/usr/bin/cmake -E cmake_link_script CMakeFiles/cmTC_07925.dir/link.txt --verbose=1
/usr/bin/c++   -std=c++14 -DNDEBUG -O3 -ffast-math -DHAVE_CXA_DEMANGLE    CMakeFiles/cmTC_07925.dir/src.cxx.o  -o cmTC_07925 -rdynamic 
make[1]: Leaving directory '/home/munna/dune/dune-2.6.0/dune-fem1d/build-cmake/CMakeFiles/CMakeTmp'

Source file was:
#include <typeinfo>
#include <cxxabi.h>
int main(void){
    int foobar = 0;
    const char *foo = typeid(foobar).name();
    int status;
    char *demangled = abi::__cxa_demangle( foo, 0, 0, &status );
}
Verifying Fortran/CXX Compiler Compatibility passed with the following output:
Change Dir: /home/munna/dune/dune-2.6.0/dune-fem1d/build-cmake/CMakeFiles/FortranCInterface/VerifyCXX

Run Build Command:"/usr/bin/make"
/usr/bin/cmake -H/usr/share/cmake-3.5/Modules/FortranCInterface/Verify -B/home/munna/dune/dune-2.6.0/dune-fem1d/build-cmake/CMakeFiles/FortranCInterface/VerifyCXX --check-build-system CMakeFiles/Makefile.cmake 0
/usr/bin/cmake -E cmake_progress_start /home/munna/dune/dune-2.6.0/dune-fem1d/build-cmake/CMakeFiles/FortranCInterface/VerifyCXX/CMakeFiles /home/munna/dune/dune-2.6.0/dune-fem1d/build-cmake/CMakeFiles/FortranCInterface/VerifyCXX/CMakeFiles/progress.marks
/usr/bin/make -f CMakeFiles/Makefile2 all
make[1]: Entering directory '/home/munna/dune/dune-2.6.0/dune-fem1d/build-cmake/CMakeFiles/FortranCInterface/VerifyCXX'
/usr/bin/make -f CMakeFiles/VerifyFortran.dir/build.make CMakeFiles/VerifyFortran.dir/depend
make[2]: Entering directory '/home/munna/dune/dune-2.6.0/dune-fem1d/build-cmake/CMakeFiles/FortranCInterface/VerifyCXX'
cd /home/munna/dune/dune-2.6.0/dune-fem1d/build-cmake/CMakeFiles/FortranCInterface/VerifyCXX && /usr/bin/cmake -E cmake_depends "Unix Makefiles" /usr/share/cmake-3.5/Modules/FortranCInterface/Verify /usr/share/cmake-3.5/Modules/FortranCInterface/Verify /home/munna/dune/dune-2.6.0/dune-fem1d/build-cmake/CMakeFiles/FortranCInterface/VerifyCXX /home/munna/dune/dune-2.6.0/dune-fem1d/build-cmake/CMakeFiles/FortranCInterface/VerifyCXX /home/munna/dune/dune-2.6.0/dune-fem1d/build-cmake/CMakeFiles/FortranCInterface/VerifyCXX/CMakeFiles/VerifyFortran.dir/DependInfo.cmake
Scanning dependencies of target VerifyFortran
make[2]: Leaving directory '/home/munna/dune/dune-2.6.0/dune-fem1d/build-cmake/CMakeFiles/FortranCInterface/VerifyCXX'
/usr/bin/make -f CMakeFiles/VerifyFortran.dir/build.make CMakeFiles/VerifyFortran.dir/requires
make[2]: Entering directory '/home/munna/dune/dune-2.6.0/dune-fem1d/build-cmake/CMakeFiles/FortranCInterface/VerifyCXX'
make[2]: Nothing to be done for 'CMakeFiles/VerifyFortran.dir/requires'.
make[2]: Leaving directory '/home/munna/dune/dune-2.6.0/dune-fem1d/build-cmake/CMakeFiles/FortranCInterface/VerifyCXX'
/usr/bin/make -f CMakeFiles/VerifyFortran.dir/build.make CMakeFiles/VerifyFortran.dir/build
make[2]: Entering directory '/home/munna/dune/dune-2.6.0/dune-fem1d/build-cmake/CMakeFiles/FortranCInterface/VerifyCXX'
[ 16%] Building Fortran object CMakeFiles/VerifyFortran.dir/VerifyFortran.f.o
/usr/bin/gfortran  -DVERIFY_CXX -I/home/munna/dune/dune-2.6.0/dune-fem1d/build-cmake/CMakeFiles/FortranCInterface/VerifyCXX  -O3   -c /usr/share/cmake-3.5/Modules/FortranCInterface/Verify/VerifyFortran.f -o CMakeFiles/VerifyFortran.dir/VerifyFortran.f.o
[ 33%] Linking Fortran static library libVerifyFortran.a
/usr/bin/cmake -P CMakeFiles/VerifyFortran.dir/cmake_clean_target.cmake
/usr/bin/cmake -E cmake_link_script CMakeFiles/VerifyFortran.dir/link.txt --verbose=1
/usr/bin/ar qc libVerifyFortran.a  CMakeFiles/VerifyFortran.dir/VerifyFortran.f.o
/usr/bin/ranlib libVerifyFortran.a
make[2]: Leaving directory '/home/munna/dune/dune-2.6.0/dune-fem1d/build-cmake/CMakeFiles/FortranCInterface/VerifyCXX'
[ 33%] Built target VerifyFortran
/usr/bin/make -f CMakeFiles/VerifyFortranC.dir/build.make CMakeFiles/VerifyFortranC.dir/depend
make[2]: Entering directory '/home/munna/dune/dune-2.6.0/dune-fem1d/build-cmake/CMakeFiles/FortranCInterface/VerifyCXX'
cd /home/munna/dune/dune-2.6.0/dune-fem1d/build-cmake/CMakeFiles/FortranCInterface/VerifyCXX && /usr/bin/cmake -E cmake_depends "Unix Makefiles" /usr/share/cmake-3.5/Modules/FortranCInterface/Verify /usr/share/cmake-3.5/Modules/FortranCInterface/Verify /home/munna/dune/dune-2.6.0/dune-fem1d/build-cmake/CMakeFiles/FortranCInterface/VerifyCXX /home/munna/dune/dune-2.6.0/dune-fem1d/build-cmake/CMakeFiles/FortranCInterface/VerifyCXX /home/munna/dune/dune-2.6.0/dune-fem1d/build-cmake/CMakeFiles/FortranCInterface/VerifyCXX/CMakeFiles/VerifyFortranC.dir/DependInfo.cmake
Scanning dependencies of target VerifyFortranC
make[2]: Leaving directory '/home/munna/dune/dune-2.6.0/dune-fem1d/build-cmake/CMakeFiles/FortranCInterface/VerifyCXX'
/usr/bin/make -f CMakeFiles/VerifyFortranC.dir/build.make CMakeFiles/VerifyFortranC.dir/build
make[2]: Entering directory '/home/munna/dune/dune-2.6.0/dune-fem1d/build-cmake/CMakeFiles/FortranCInterface/VerifyCXX'
[ 50%] Building C object CMakeFiles/VerifyFortranC.dir/main.c.o
/usr/bin/cc  -DVERIFY_CXX -I/home/munna/dune/dune-2.6.0/dune-fem1d/build-cmake/CMakeFiles/FortranCInterface/VerifyCXX  -O3 -DNDEBUG   -o CMakeFiles/VerifyFortranC.dir/main.c.o   -c /usr/share/cmake-3.5/Modules/FortranCInterface/Verify/main.c
[ 66%] Building C object CMakeFiles/VerifyFortranC.dir/VerifyC.c.o
/usr/bin/cc  -DVERIFY_CXX -I/home/munna/dune/dune-2.6.0/dune-fem1d/build-cmake/CMakeFiles/FortranCInterface/VerifyCXX  -O3 -DNDEBUG   -o CMakeFiles/VerifyFortranC.dir/VerifyC.c.o   -c /usr/share/cmake-3.5/Modules/FortranCInterface/Verify/VerifyC.c
[ 83%] Building CXX object CMakeFiles/VerifyFortranC.dir/VerifyCXX.cxx.o
/usr/bin/c++   -DVERIFY_CXX -I/home/munna/dune/dune-2.6.0/dune-fem1d/build-cmake/CMakeFiles/FortranCInterface/VerifyCXX  -std=c++14 -DNDEBUG -O3 -ffast-math -O3 -DNDEBUG   -o CMakeFiles/VerifyFortranC.dir/VerifyCXX.cxx.o -c /usr/share/cmake-3.5/Modules/FortranCInterface/Verify/VerifyCXX.cxx
[100%] Linking CXX executable VerifyFortranC
/usr/bin/cmake -E cmake_link_script CMakeFiles/VerifyFortranC.dir/link.txt --verbose=1
/usr/bin/c++   -std=c++14 -DNDEBUG -O3 -ffast-math -O3 -DNDEBUG   CMakeFiles/VerifyFortranC.dir/main.c.o CMakeFiles/VerifyFortranC.dir/VerifyC.c.o CMakeFiles/VerifyFortranC.dir/VerifyCXX.cxx.o  -o VerifyFortranC libVerifyFortran.a -lgfortran -lquadmath 
make[2]: Leaving directory '/home/munna/dune/dune-2.6.0/dune-fem1d/build-cmake/CMakeFiles/FortranCInterface/VerifyCXX'
[100%] Built target VerifyFortranC
make[1]: Leaving directory '/home/munna/dune/dune-2.6.0/dune-fem1d/build-cmake/CMakeFiles/FortranCInterface/VerifyCXX'
/usr/bin/cmake -E cmake_progress_start /home/munna/dune/dune-2.6.0/dune-fem1d/build-cmake/CMakeFiles/FortranCInterface/VerifyCXX/CMakeFiles 0


Determining if the include file quadmath.h exists passed with the following output:
Change Dir: /home/munna/dune/dune-2.6.0/dune-fem1d/build-cmake/CMakeFiles/CMakeTmp

Run Build Command:"/usr/bin/make" "cmTC_8060c/fast"
/usr/bin/make -f CMakeFiles/cmTC_8060c.dir/build.make CMakeFiles/cmTC_8060c.dir/build
make[1]: Entering directory '/home/munna/dune/dune-2.6.0/dune-fem1d/build-cmake/CMakeFiles/CMakeTmp'
Building C object CMakeFiles/cmTC_8060c.dir/CheckIncludeFile.c.o
/usr/bin/cc    -fPIE   -o CMakeFiles/cmTC_8060c.dir/CheckIncludeFile.c.o   -c /home/munna/dune/dune-2.6.0/dune-fem1d/build-cmake/CMakeFiles/CMakeTmp/CheckIncludeFile.c
Linking C executable cmTC_8060c
/usr/bin/cmake -E cmake_link_script CMakeFiles/cmTC_8060c.dir/link.txt --verbose=1
/usr/bin/cc       CMakeFiles/cmTC_8060c.dir/CheckIncludeFile.c.o  -o cmTC_8060c -rdynamic 
make[1]: Leaving directory '/home/munna/dune/dune-2.6.0/dune-fem1d/build-cmake/CMakeFiles/CMakeTmp'


Performing C SOURCE FILE Test QUADMATH_COMPILES succeeded with the following output:
Change Dir: /home/munna/dune/dune-2.6.0/dune-fem1d/build-cmake/CMakeFiles/CMakeTmp

Run Build Command:"/usr/bin/make" "cmTC_2d052/fast"
/usr/bin/make -f CMakeFiles/cmTC_2d052.dir/build.make CMakeFiles/cmTC_2d052.dir/build
make[1]: Entering directory '/home/munna/dune/dune-2.6.0/dune-fem1d/build-cmake/CMakeFiles/CMakeTmp'
Building C object CMakeFiles/cmTC_2d052.dir/src.c.o
/usr/bin/cc    -DQUADMATH_COMPILES -fPIE   -o CMakeFiles/cmTC_2d052.dir/src.c.o   -c /home/munna/dune/dune-2.6.0/dune-fem1d/build-cmake/CMakeFiles/CMakeTmp/src.c
Linking C executable cmTC_2d052
/usr/bin/cmake -E cmake_link_script CMakeFiles/cmTC_2d052.dir/link.txt --verbose=1
/usr/bin/cc   -DQUADMATH_COMPILES    CMakeFiles/cmTC_2d052.dir/src.c.o  -o cmTC_2d052 -rdynamic -lquadmath 
make[1]: Leaving directory '/home/munna/dune/dune-2.6.0/dune-fem1d/build-cmake/CMakeFiles/CMakeTmp'

Source file was:

#include <quadmath.h>

int main ()
{
  __float128 r = 1.0q;
  r = strtoflt128("1.2345678", NULL);
  return 0;
}
Determining if the include file sys/mman.h exists passed with the following output:
Change Dir: /home/munna/dune/dune-2.6.0/dune-fem1d/build-cmake/CMakeFiles/CMakeTmp

Run Build Command:"/usr/bin/make" "cmTC_9fc2a/fast"
/usr/bin/make -f CMakeFiles/cmTC_9fc2a.dir/build.make CMakeFiles/cmTC_9fc2a.dir/build
make[1]: Entering directory '/home/munna/dune/dune-2.6.0/dune-fem1d/build-cmake/CMakeFiles/CMakeTmp'
Building C object CMakeFiles/cmTC_9fc2a.dir/CheckIncludeFile.c.o
/usr/bin/cc    -fPIE   -o CMakeFiles/cmTC_9fc2a.dir/CheckIncludeFile.c.o   -c /home/munna/dune/dune-2.6.0/dune-fem1d/build-cmake/CMakeFiles/CMakeTmp/CheckIncludeFile.c
Linking C executable cmTC_9fc2a
/usr/bin/cmake -E cmake_link_script CMakeFiles/cmTC_9fc2a.dir/link.txt --verbose=1
/usr/bin/cc       CMakeFiles/cmTC_9fc2a.dir/CheckIncludeFile.c.o  -o cmTC_9fc2a -rdynamic 
make[1]: Leaving directory '/home/munna/dune/dune-2.6.0/dune-fem1d/build-cmake/CMakeFiles/CMakeTmp'


Performing C SOURCE FILE Test HAVE_MPROTECT succeeded with the following output:
Change Dir: /home/munna/dune/dune-2.6.0/dune-fem1d/build-cmake/CMakeFiles/CMakeTmp

Run Build Command:"/usr/bin/make" "cmTC_a74a0/fast"
/usr/bin/make -f CMakeFiles/cmTC_a74a0.dir/build.make CMakeFiles/cmTC_a74a0.dir/build
make[1]: Entering directory '/home/munna/dune/dune-2.6.0/dune-fem1d/build-cmake/CMakeFiles/CMakeTmp'
Building C object CMakeFiles/cmTC_a74a0.dir/src.c.o
/usr/bin/cc    -DHAVE_MPROTECT -fPIE   -o CMakeFiles/cmTC_a74a0.dir/src.c.o   -c /home/munna/dune/dune-2.6.0/dune-fem1d/build-cmake/CMakeFiles/CMakeTmp/src.c
Linking C executable cmTC_a74a0
/usr/bin/cmake -E cmake_link_script CMakeFiles/cmTC_a74a0.dir/link.txt --verbose=1
/usr/bin/cc   -DHAVE_MPROTECT    CMakeFiles/cmTC_a74a0.dir/src.c.o  -o cmTC_a74a0 -rdynamic 
make[1]: Leaving directory '/home/munna/dune/dune-2.6.0/dune-fem1d/build-cmake/CMakeFiles/CMakeTmp'

Source file was:

#include <sys/mman.h>
int main(void){
  mprotect(0,0,PROT_NONE);
}
Determining if the include file rpc/rpc.h exists passed with the following output:
Change Dir: /home/munna/dune/dune-2.6.0/dune-fem1d/build-cmake/CMakeFiles/CMakeTmp

Run Build Command:"/usr/bin/make" "cmTC_7e8ed/fast"
/usr/bin/make -f CMakeFiles/cmTC_7e8ed.dir/build.make CMakeFiles/cmTC_7e8ed.dir/build
make[1]: Entering directory '/home/munna/dune/dune-2.6.0/dune-fem1d/build-cmake/CMakeFiles/CMakeTmp'
Building C object CMakeFiles/cmTC_7e8ed.dir/CheckIncludeFile.c.o
/usr/bin/cc    -fPIE   -o CMakeFiles/cmTC_7e8ed.dir/CheckIncludeFile.c.o   -c /home/munna/dune/dune-2.6.0/dune-fem1d/build-cmake/CMakeFiles/CMakeTmp/CheckIncludeFile.c
Linking C executable cmTC_7e8ed
/usr/bin/cmake -E cmake_link_script CMakeFiles/cmTC_7e8ed.dir/link.txt --verbose=1
/usr/bin/cc       CMakeFiles/cmTC_7e8ed.dir/CheckIncludeFile.c.o  -o cmTC_7e8ed -rdynamic 
make[1]: Leaving directory '/home/munna/dune/dune-2.6.0/dune-fem1d/build-cmake/CMakeFiles/CMakeTmp'


Determining if the function mkstemp exists passed with the following output:
Change Dir: /home/munna/dune/dune-2.6.0/dune-fem1d/build-cmake/CMakeFiles/CMakeTmp

Run Build Command:"/usr/bin/make" "cmTC_96307/fast"
/usr/bin/make -f CMakeFiles/cmTC_96307.dir/build.make CMakeFiles/cmTC_96307.dir/build
make[1]: Entering directory '/home/munna/dune/dune-2.6.0/dune-fem1d/build-cmake/CMakeFiles/CMakeTmp'
Building C object CMakeFiles/cmTC_96307.dir/CheckFunctionExists.c.o
/usr/bin/cc    -DCHECK_FUNCTION_EXISTS=mkstemp -fPIE   -o CMakeFiles/cmTC_96307.dir/CheckFunctionExists.c.o   -c /usr/share/cmake-3.5/Modules/CheckFunctionExists.c
Linking C executable cmTC_96307
/usr/bin/cmake -E cmake_link_script CMakeFiles/cmTC_96307.dir/link.txt --verbose=1
/usr/bin/cc   -DCHECK_FUNCTION_EXISTS=mkstemp    CMakeFiles/cmTC_96307.dir/CheckFunctionExists.c.o  -o cmTC_96307 -rdynamic 
make[1]: Leaving directory '/home/munna/dune/dune-2.6.0/dune-fem1d/build-cmake/CMakeFiles/CMakeTmp'


